DLL_PROCESS_ATTACH
1 00007FFD70340000 C:\Windows\System32\KERNELBASE.dll
1 00007FFD730B0000 C:\Windows\System32\KERNEL32.DLL
1 00007FFD70750000 C:\Windows\System32\ucrtbase.dll
1 00007FFD72E20000 C:\Windows\System32\RPCRT4.dll
1 00007FFD70920000 C:\Windows\System32\sechost.dll
1 00007FFD6F6D0000 C:\Windows\System32\profapi.dll
1 00007FF658E20000 C:\Windows\system32\wininit.exe
1 00007FFD70850000 C:\Windows\System32\msvcrt.dll
1 00007FFD6F5F0000 C:\Windows\system32\SspiCli.dll
1 00007FFD6F5C0000 C:\Windows\system32\USERENV.dll
1 00007FFD715C0000 C:\Windows\System32\ADVAPI32.dll
1 00007FFD70320000 C:\Windows\System32\win32u.dll
1 00007FFD6FB30000 C:\Windows\System32\msvcp_win.dll
1 00007FFD705B0000 C:\Windows\System32\gdi32full.dll
1 00007FFD708F0000 C:\Windows\System32\GDI32.dll
1 00007FFD731C0000 C:\Windows\System32\USER32.dll
1 00007FFD6F620000 C:\Windows\SYSTEM32\wininitext.dll
1 00007FFD6F5B0000 C:\Windows\system32\KBDUS.DLL
2 00007FFD6F5B0000 C:\Windows\system32\KBDUS.DLL
1 00007FFD6F5B0000 C:\Windows\system32\KBDUS.DLL
2 00007FFD6F5B0000 C:\Windows\system32\KBDUS.DLL
1 00007FFD6F5B0000 C:\Windows\system32\KBDRU.DLL
2 00007FFD6F5B0000 C:\Windows\system32\KBDRU.DLL
1 00007FFD6F5B0000 C:\Windows\system32\wls0wndh.dll
2 00007FFD6F5B0000 C:\Windows\system32\wls0wndh.dll
KERNELBASE.dll(00007FFD70340000):000006ba at 00007FFD70353FB8 []
KERNELBASE.dll(00007FFD70340000):000006ba at 00007FFD70353FB8 []
1 00007FFD6FA00000 C:\Windows\System32\bcryptPrimitives.dll
1 00007FFD70A70000 C:\Windows\System32\combase.dll
1 00007FFD6E800000 C:\Windows\SYSTEM32\ntmarta.dll
1 00007FFD6E840000 C:\Windows\SYSTEM32\profext.dll
1 00007FFD6F1C0000 C:\Windows\system32\Bcrypt.dll
1 00007FFD6E770000 C:\Windows\SYSTEM32\firewallapi.dll
1 00007FFD6E740000 C:\Windows\system32\fwbase.dll
KERNELBASE.dll(00007FFD70340000):000006ba at 00007FFD70353FB8 []
KERNELBASE.dll(00007FFD70340000):000006ba at 00007FFD70353FB8 []
KERNELBASE.dll(00007FFD70340000):000006ba at 00007FFD70353FB8 []
KERNELBASE.dll(00007FFD70340000):000006ba at 00007FFD70353FB8 []
KERNELBASE.dll(00007FFD70340000):000006ba at 00007FFD70353FB8 []
KERNELBASE.dll(00007FFD70340000):000006ba at 00007FFD70353FB8 []
KERNELBASE.dll(00007FFD70340000):000006ba at 00007FFD70353FB8 []
KERNELBASE.dll(00007FFD70340000):000006ba at 00007FFD70353FB8 []
KERNELBASE.dll(00007FFD70340000):000006ba at 00007FFD70353FB8 []
KERNELBASE.dll(00007FFD70340000):000006ba at 00007FFD70353FB8 []
1 00007FFD70EF0000 C:\Windows\System32\WS2_32.dll
1 00007FFD6EEF0000 C:\Windows\system32\mswsock.dll
