DLL_PROCESS_ATTACH
1 00007FFD70340000 C:\Windows\System32\KERNELBASE.dll
1 00007FFD730B0000 C:\Windows\System32\KERNEL32.DLL
1 00007FFD70850000 C:\Windows\System32\msvcrt.dll
1 00007FFD72E20000 C:\Windows\System32\RPCRT4.dll
1 00007FFD70920000 C:\Windows\System32\sechost.dll
1 00007FFD70750000 C:\Windows\System32\ucrtbase.dll
1 00007FFD6FA00000 C:\Windows\System32\bcryptPrimitives.dll
1 00007FFD70A70000 C:\Windows\System32\combase.dll
1 00007FFD6F730000 C:\Windows\System32\powrprof.dll
1 00007FFD715C0000 C:\Windows\System32\advapi32.dll
1 00007FF7A5850000 C:\Windows\system32\winlogon.exe
1 00007FFD6F6D0000 C:\Windows\System32\profapi.dll
1 00007FFD70320000 C:\Windows\System32\win32u.dll
1 00007FFD6FB30000 C:\Windows\System32\msvcp_win.dll
1 00007FFD705B0000 C:\Windows\System32\gdi32full.dll
1 00007FFD708F0000 C:\Windows\System32\GDI32.dll
1 00007FFD731C0000 C:\Windows\System32\user32.dll
1 00007FFD72C50000 C:\Windows\System32\IMM32.DLL
1 00007FFD6F5B0000 C:\Windows\system32\KBDUS.DLL
2 00007FFD6F5B0000 C:\Windows\system32\KBDUS.DLL
1 00007FFD6F5B0000 C:\Windows\system32\KBDUS.DLL
2 00007FFD6F5B0000 C:\Windows\system32\KBDUS.DLL
1 00007FFD6F5B0000 C:\Windows\system32\KBDRU.DLL
2 00007FFD6F5B0000 C:\Windows\system32\KBDRU.DLL
1 00007FFD6F4C0000 C:\Windows\SYSTEM32\winsta.dll
1 00007FFD6F5F0000 C:\Windows\system32\SspiCli.dll
1 00007FFD6F5C0000 C:\Windows\system32\USERENV.dll
1 00007FFD6E800000 C:\Windows\SYSTEM32\ntmarta.dll
1 00007FFD6E840000 C:\Windows\SYSTEM32\profext.dll
1 00007FFD6F1C0000 C:\Windows\system32\Bcrypt.dll
1 00007FFD6E770000 C:\Windows\SYSTEM32\firewallapi.dll
1 00007FFD6E740000 C:\Windows\system32\fwbase.dll
KERNELBASE.dll(00007FFD70340000):000006ba at 00007FFD70353FB8 []
KERNELBASE.dll(00007FFD70340000):000006ba at 00007FFD70353FB8 []
KERNELBASE.dll(00007FFD70340000):000006ba at 00007FFD70353FB8 []
KERNELBASE.dll(00007FFD70340000):000006ba at 00007FFD70353FB8 []
KERNELBASE.dll(00007FFD70340000):000006ba at 00007FFD70353FB8 []
KERNELBASE.dll(00007FFD70340000):000006ba at 00007FFD70353FB8 []
KERNELBASE.dll(00007FFD70340000):000006ba at 00007FFD70353FB8 []
KERNELBASE.dll(00007FFD70340000):000006ba at 00007FFD70353FB8 []
KERNELBASE.dll(00007FFD70340000):000006ba at 00007FFD70353FB8 []
KERNELBASE.dll(00007FFD70340000):000006ba at 00007FFD70353FB8 []
1 00007FFD710C0000 C:\Windows\System32\shcore.dll
1 00007FFD6DAB0000 C:\Windows\system32\dwmapi.dll
1 00007FFD6D9E0000 C:\Windows\system32\UXINIT.dll
1 00007FFD6D940000 C:\Windows\system32\UxTheme.dll
1 00007FFD6F710000 C:\Windows\System32\MSASN1.dll
1 00007FFD6F7E0000 C:\Windows\System32\CRYPT32.dll
1 00007FFD6EB40000 C:\Windows\system32\DPAPI.dll
1 00007FFD6F0B0000 C:\Windows\system32\CRYPTBASE.dll
1 00007FFD6D860000 C:\Windows\SYSTEM32\dwminit.dll
1 00007FFD6D7D0000 C:\Windows\system32\apphelp.dll
KERNELBASE.dll(00007FFD70340000):000006ba at 00007FFD70353FB8 []
KERNELBASE.dll(00007FFD70340000):000006ba at 00007FFD70353FB8 []
1 00007FFD6BA90000 C:\Windows\SYSTEM32\usermgrcli.dll
1 00007FFD61750000 C:\Windows\system32\KBDUS.DLL
2 00007FFD61750000 C:\Windows\system32\KBDUS.DLL
1 00007FFD61750000 C:\Windows\system32\KBDRU.DLL
2 00007FFD61750000 C:\Windows\system32\KBDRU.DLL
1 00007FFD66970000 C:\Windows\system32\MPR.dll
1 00007FFD69DF0000 C:\Windows\System32\VERSION.dll
1 00000000678A0000 C:\Windows\System32\vmhgfs.dll
1 00007FFD61750000 C:\Windows\System32\drprov.dll
1 00007FFD61730000 C:\Windows\System32\ntlanman.dll
1 00007FFD61700000 C:\Windows\System32\DAVHLPR.dll
1 00007FFD61710000 C:\Windows\System32\davclnt.dll
1 00007FFD616F0000 C:\Windows\SYSTEM32\mprext.dll
