DLL_PROCESS_ATTACH
1 00007FFD70340000 C:\Windows\System32\KERNELBASE.dll
1 00007FFD730B0000 C:\Windows\System32\KERNEL32.DLL
1 00007FFD72E20000 C:\Windows\System32\RPCRT4.dll
1 00007FFD70920000 C:\Windows\System32\sechost.dll
1 00007FFD70750000 C:\Windows\System32\ucrtbase.dll
1 00007FF7F6FA0000 C:\Windows\system32\svchost.exe
1 00007FFD6FA00000 C:\Windows\System32\bcryptPrimitives.dll
1 00007FFD70A70000 C:\Windows\System32\combase.dll
1 00007FFD70850000 C:\Windows\System32\msvcrt.dll
1 00007FFD6F6F0000 C:\Windows\System32\kernel.appcore.dll
1 00007FFD70320000 C:\Windows\System32\win32u.dll
1 00007FFD6FB30000 C:\Windows\System32\msvcp_win.dll
1 00007FFD705B0000 C:\Windows\System32\gdi32full.dll
1 00007FFD708F0000 C:\Windows\System32\GDI32.dll
1 00007FFD731C0000 C:\Windows\System32\user32.dll
1 00007FFD6DAA0000 c:\windows\system32\SYSNTFY.dll
1 00007FFD6BF90000 c:\windows\system32\nlaapi.dll
1 00007FFD6BFB0000 c:\windows\system32\gpsvc.dll
1 00007FFD6F710000 C:\Windows\System32\MSASN1.dll
1 00007FFD6F7E0000 C:\Windows\System32\CRYPT32.dll
1 00007FFD715C0000 C:\Windows\System32\advapi32.dll
1 00007FFD6F780000 C:\Windows\System32\WINTRUST.dll
1 00007FFD6E6F0000 C:\Windows\SYSTEM32\WLDP.DLL
1 00007FFD6BF80000 c:\windows\system32\DSROLE.dll
1 00007FFD72B80000 C:\Windows\System32\OLEAUT32.dll
1 00007FFD72AE0000 C:\Windows\System32\clbcatq.dll
1 00007FFD6BE80000 C:\Windows\System32\taskschd.dll
1 00007FFD6F5F0000 C:\Windows\System32\SspiCli.dll
KERNELBASE.dll(00007FFD70340000):000006d9 at 00007FFD70353FB8 []
1 00007FFD6B840000 C:\Windows\System32\mstask.dll
KERNELBASE.dll(00007FFD70340000):000006d9 at 00007FFD70353FB8 []
1 00007FFD6F6D0000 C:\Windows\System32\profapi.dll
1 00007FFD6B250000 c:\windows\system32\profsvc.dll
1 00007FFD6F5C0000 c:\windows\system32\USERENV.dll
1 00007FFD73160000 C:\Windows\System32\WLDAP32.dll
1 00007FFD6ED80000 c:\windows\system32\netutils.dll
1 00007FFD6B0B0000 c:\windows\system32\logoncli.dll
1 00007FFD6F1C0000 c:\windows\system32\bcrypt.dll
1 00007FFD6B0F0000 c:\windows\system32\wkscli.dll
1 00007FFD6F9B0000 C:\Windows\System32\cfgmgr32.dll
1 00007FFD710C0000 C:\Windows\System32\shcore.dll
1 00007FFD70A10000 C:\Windows\System32\shlwapi.dll
1 00007FFD6F730000 C:\Windows\System32\powrprof.dll
1 00007FFD6FBD0000 C:\Windows\System32\windows.storage.dll
1 00007FFD716A0000 C:\Windows\System32\SHELL32.dll
1 00007FFD6B190000 C:\Windows\SYSTEM32\profsvcext.dll
1 00007FFD6E4B0000 C:\Windows\SYSTEM32\gpapi.dll
1 00007FFD6E800000 C:\Windows\SYSTEM32\ntmarta.dll
1 00007FFD6AB40000 C:\Windows\SYSTEM32\wintypes.dll
1 00007FFD6AC80000 c:\windows\system32\usermgr.dll
1 00007FFD6AA30000 c:\windows\system32\themeservice.dll
1 00007FFD6F4C0000 C:\Windows\SYSTEM32\winsta.dll
KERNELBASE.dll(00007FFD70340000):000006ba at 00007FFD70353FB8 []
1 00007FFD6A800000 c:\windows\system32\samcli.dll
1 00007FFD6C220000 c:\windows\system32\SAMLIB.dll
1 00007FFD6A770000 C:\Windows\System32\usermgrproxy.dll
1 00007FFD6A750000 c:\windows\system32\sens.dll
1 00007FFD70EF0000 C:\Windows\System32\WS2_32.dll
1 00007FFD6A000000 c:\windows\system32\sessenv.dll
1 00007FFD71170000 C:\Windows\System32\SETUPAPI.dll
1 00007FFD6F470000 C:\Windows\System32\DEVOBJ.dll
1 00007FFD6EEF0000 C:\Windows\system32\mswsock.dll
1 00007FFD6F0C0000 C:\Windows\SYSTEM32\CRYPTSP.dll
1 00007FFD6EB00000 C:\Windows\system32\rsaenh.dll
1 00007FFD6EB40000 C:\Windows\SYSTEM32\DPAPI.dll
1 00007FFD6F0B0000 C:\Windows\SYSTEM32\CRYPTBASE.dll
1 00007FFD6F150000 C:\Windows\SYSTEM32\NTASN1.dll
1 00007FFD6F190000 C:\Windows\SYSTEM32\ncrypt.dll
1 00007FFD6B020000 C:\Windows\system32\msvcp110_win.dll
1 00007FFD6B110000 C:\Windows\system32\policymanager.dll
1 00007FFD69DF0000 C:\Windows\system32\hvsigpext.dll
2 00007FFD69DF0000 C:\Windows\system32\hvsigpext.dll
2 00007FFD6B110000 C:\Windows\system32\policymanager.dll
2 00007FFD6B020000 C:\Windows\system32\msvcp110_win.dll
1 00007FFD69C50000 c:\windows\system32\shsvcs.dll
1 00007FFD68EA0000 C:\Windows\SYSTEM32\wbemcomn.dll
1 00007FFD69070000 c:\windows\system32\wbem\wmisvc.dll
1 00007FFD68B20000 c:\windows\system32\srvsvc.dll
1 00007FFD68990000 c:\windows\system32\FVEAPI.dll
1 00007FFD68820000 C:\Windows\System32\ProximityService.dll
1 00007FFD6EC80000 c:\windows\system32\IPHLPAPI.DLL
1 00007FFD71670000 C:\Windows\System32\NSI.dll
1 00007FFD6A380000 c:\windows\system32\WINNSI.DLL
1 00007FFD6E770000 c:\windows\system32\FirewallAPI.dll
1 00007FFD69E40000 c:\windows\system32\fwpuclnt.dll
1 00007FFD68240000 c:\windows\system32\NetSetupApi.dll
1 00007FFD68600000 c:\windows\system32\iphlpsvc.dll
1 00007FFD6E740000 c:\windows\system32\fwbase.dll
1 00007FFD671B0000 C:\Windows\SYSTEM32\WMICLNT.dll
1 00007FFD67170000 C:\Windows\system32\ProximityCommonPal.dll
1 00007FFD67180000 C:\Windows\system32\ProximityCommon.dll
1 00007FFD66AC0000 C:\Windows\system32\ProximityServicePAL.dll
1 00007FFD66A70000 C:\Windows\system32\httpprxm.dll
1 00007FFD66A30000 C:\Windows\system32\adhsvc.dll
KERNELBASE.dll(00007FFD70340000):000006d9 at 00007FFD70353FB8 []
KERNELBASE.dll(00007FFD70340000):000006d9 at 00007FFD70353FB8 []
1 00007FFD66A20000 C:\Windows\SYSTEM32\httpprxc.dll
1 00007FFD669E0000 C:\Windows\system32\SSCORE.DLL
1 00007FFD669B0000 C:\Windows\SYSTEM32\sscoreext.dll
1 00007FFD668C0000 C:\Windows\system32\miutils.dll
1 00007FFD66940000 C:\Windows\system32\mi.dll
1 00007FFD66770000 C:\Windows\system32\wmidcom.dll
1 00007FFD6A7C0000 C:\Windows\SYSTEM32\wtsapi32.dll
1 00007FFD6ECC0000 C:\Windows\system32\DNSAPI.dll
1 00007FFD66220000 C:\Windows\system32\CLUSAPI.dll
1 00007FFD66650000 C:\Windows\system32\RESUTILS.DLL
1 00007FFD65D00000 C:\Windows\System32\netprofm.dll
1 00007FFD6B3E0000 C:\Windows\system32\WINHTTP.dll
1 00007FFD6E4A0000 c:\windows\system32\HID.DLL
1 00007FFD68B10000 C:\Windows\System32\rasadhlp.dll
1 00007FFD658A0000 C:\Windows\System32\NetSetupShim.dll
1 00007FFD65710000 c:\windows\system32\NetSetupEngine.dll
1 00007FFD667A0000 c:\windows\system32\wlanapi.dll
KERNELBASE.dll(00007FFD70340000):000006a6 at 00007FFD70353FB8 []
KERNELBASE.dll(00007FFD70340000):000006a6 at 00007FFD70353FB8 []
1 00007FFD66210000 C:\Windows\System32\npmproxy.dll
1 00007FFD66DA0000 C:\Windows\SYSTEM32\VssTrace.DLL
1 00007FFD66DC0000 C:\Windows\SYSTEM32\vssapi.dll
1 00007FFD6AAC0000 C:\Windows\System32\ES.DLL
KERNELBASE.dll(00007FFD70340000):000006d9 at 00007FFD70353FB8 []
KERNELBASE.dll(00007FFD70340000):000006d9 at 00007FFD70353FB8 []
1 00007FFD64DD0000 c:\windows\system32\netsetupsvc.dll
1 00007FFD64CE0000 c:\windows\system32\WDSCORE.dll
1 00007FFD6E150000 C:\Windows\System32\PROPSYS.dll
1 00007FFD644A0000 C:\Windows\system32\wbem\FastProx.dll
1 00007FFD642A0000 C:\Windows\system32\wbem\esscli.dll
1 00007FFD649F0000 C:\Windows\system32\wbem\wbemcore.dll
KERNELBASE.dll(00007FFD70340000):000006a6 at 00007FFD70353FB8 []
1 00007FFD63B00000 C:\Windows\system32\wbem\wbemsvc.dll
KERNELBASE.dll(00007FFD70340000):000006a6 at 00007FFD70353FB8 []
1 00007FFD63AB0000 C:\Windows\system32\hnetcfgclient.dll
1 00007FFD6E8F0000 C:\Windows\system32\authZ.dll
1 00007FFD63A70000 c:\windows\system32\FWPolicyIOMgr.dll
1 00007FFD66920000 C:\Windows\system32\wbem\wbemprox.dll
1 00007FFD63A10000 C:\Windows\SYSTEM32\ImplatSetup.dll
1 00007FFD63850000 C:\Windows\system32\wbem\wmiutils.dll
2 00007FFD63A10000 C:\Windows\SYSTEM32\ImplatSetup.dll
1 00007FFD63A10000 C:\Windows\SYSTEM32\ImplatSetup.dll
1 00007FFD637E0000 C:\Windows\system32\wbem\repdrvfs.dll
2 00007FFD63A10000 C:\Windows\SYSTEM32\ImplatSetup.dll
1 00007FFD63A10000 C:\Windows\SYSTEM32\ImplatSetup.dll
1 00007FFD6A9C0000 C:\Windows\system32\Wevtapi.dll
2 00007FFD6A9C0000 C:\Windows\system32\Wevtapi.dll
KERNELBASE.dll(00007FFD70340000):e06d7363 at 00007FFD70353FB8 [ 0000000019930520 0000004AA7C7F068 00007FFD6590D980 00007FFD658A0000]
KERNELBASE.dll(00007FFD70340000):e06d7363 at 00007FFD70353FB8 [ 0000000019930520 0000004AA7C7F068 00007FFD6590D980 00007FFD658A0000]
KERNELBASE.dll(00007FFD70340000):e06d7363 at 00007FFD70353FB8 [ 0000000019930520 0000004AA7C7F068 00007FFD6590D980 00007FFD658A0000]
KERNELBASE.dll(00007FFD70340000):e06d7363 at 00007FFD70353FB8 [ 0000000019930520 0000004AA7C7F068 00007FFD6590D980 00007FFD658A0000]
KERNELBASE.dll(00007FFD70340000):e06d7363 at 00007FFD70353FB8 [ 0000000019930520 0000004AA7C7F068 00007FFD6590D980 00007FFD658A0000]
KERNELBASE.dll(00007FFD70340000):e06d7363 at 00007FFD70353FB8 [ 0000000019930520 0000004AA7C7F068 00007FFD6590D980 00007FFD658A0000]
KERNELBASE.dll(00007FFD70340000):e06d7363 at 00007FFD70353FB8 [ 0000000019930520 0000004AA7C7F068 00007FFD6590D980 00007FFD658A0000]
KERNELBASE.dll(00007FFD70340000):e06d7363 at 00007FFD70353FB8 [ 0000000019930520 0000004AA7C7F068 00007FFD6590D980 00007FFD658A0000]
KERNELBASE.dll(00007FFD70340000):e06d7363 at 00007FFD70353FB8 [ 0000000019930520 0000004AA7C7F068 00007FFD6590D980 00007FFD658A0000]
KERNELBASE.dll(00007FFD70340000):e06d7363 at 00007FFD70353FB8 [ 0000000019930520 0000004AA767F0F8 00007FFD6590D980 00007FFD658A0000]
KERNELBASE.dll(00007FFD70340000):e06d7363 at 00007FFD70353FB8 [ 0000000019930520 0000004AA767F0F8 00007FFD6590D980 00007FFD658A0000]
KERNELBASE.dll(00007FFD70340000):e06d7363 at 00007FFD70353FB8 [ 0000000019930520 0000004AA767F0F8 00007FFD6590D980 00007FFD658A0000]
KERNELBASE.dll(00007FFD70340000):e06d7363 at 00007FFD70353FB8 [ 0000000019930520 0000004AA767F0F8 00007FFD6590D980 00007FFD658A0000]
KERNELBASE.dll(00007FFD70340000):e06d7363 at 00007FFD70353FB8 [ 0000000019930520 0000004AA767F0F8 00007FFD6590D980 00007FFD658A0000]
KERNELBASE.dll(00007FFD70340000):e06d7363 at 00007FFD70353FB8 [ 0000000019930520 0000004AA767F0F8 00007FFD6590D980 00007FFD658A0000]
KERNELBASE.dll(00007FFD70340000):e06d7363 at 00007FFD70353FB8 [ 0000000019930520 0000004AA767F0F8 00007FFD6590D980 00007FFD658A0000]
KERNELBASE.dll(00007FFD70340000):e06d7363 at 00007FFD70353FB8 [ 0000000019930520 0000004AA767F0F8 00007FFD6590D980 00007FFD658A0000]
KERNELBASE.dll(00007FFD70340000):e06d7363 at 00007FFD70353FB8 [ 0000000019930520 0000004AA767F0F8 00007FFD6590D980 00007FFD658A0000]
2 00007FFD63A10000 C:\Windows\SYSTEM32\ImplatSetup.dll
2 00007FFD65710000 c:\windows\system32\NetSetupEngine.dll
KERNELBASE.dll(00007FFD70340000):000006a6 at 00007FFD70353FB8 []
KERNELBASE.dll(00007FFD70340000):000006a6 at 00007FFD70353FB8 []
1 00007FFD63A20000 C:\Windows\SYSTEM32\NCObjAPI.DLL
1 00007FFD63320000 C:\Windows\system32\wbem\wmiprvsd.dll
1 00007FFD62FA0000 C:\Windows\system32\wbem\wbemess.dll
KERNELBASE.dll(00007FFD70340000):000006a6 at 00007FFD70353FB8 []
KERNELBASE.dll(00007FFD70340000):000006a6 at 00007FFD70353FB8 []
KERNELBASE.dll(00007FFD70340000):000006a6 at 00007FFD70353FB8 []
KERNELBASE.dll(00007FFD70340000):000006a6 at 00007FFD70353FB8 []
1 00007FFD61CB0000 C:\Windows\System32\shacctprofile.dll
1 00007FFD6CFB0000 C:\Windows\system32\CoreMessaging.dll
1 00007FFD68270000 C:\Windows\system32\CoreUIComponents.dll
1 00007FFD6A9C0000 C:\Windows\system32\wevtapi.dll
1 00007FFD61C20000 C:\Windows\system32\SettingSync.dll
1 00007FFD63A10000 C:\Windows\system32\CredentialMigrationHandler.dll
1 00007FFD618C0000 C:\Windows\System32\Windows.CloudStore.dll
1 00007FFD69E10000 C:\Windows\SYSTEM32\dhcpcsvc6.DLL
1 00007FFD69CF0000 C:\Windows\SYSTEM32\dhcpcsvc.DLL
1 00007FFD6F520000 C:\Windows\SYSTEM32\sxs.dll
1 00007FFD70F60000 C:\Windows\System32\ole32.dll
1 00007FFD64E20000 C:\Windows\System32\OneCoreUAPCommonProxyStub.dll
1 00007FFD5F7B0000 c:\windows\system32\TOKENBINDING.dll
1 00007FFD5F7D0000 c:\windows\system32\tokenbroker.dll
1 00007FFD61010000 C:\Windows\System32\OneCoreCommonProxyStub.dll
1 00007FFD6DBE0000 C:\Windows\System32\RMCLIENT.dll
1 00007FFD6DC00000 C:\Windows\System32\twinapi.appcore.dll
1 00007FFD654B0000 C:\Windows\System32\Windows.ApplicationModel.dll
1 00007FFD69760000 C:\Windows\System32\StateRepository.Core.dll
1 00007FFD64D20000 C:\Windows\System32\AppXDeploymentClient.dll
1 00007FFD6BA90000 C:\Windows\SYSTEM32\usermgrcli.dll
1 00007FFD62AB0000 C:\Windows\System32\IDStore.dll
1 00007FFD5FA60000 C:\Windows\System32\wlidprov.dll
KERNELBASE.dll(00007FFD70340000):000006a6 at 00007FFD70353FB8 []
KERNELBASE.dll(00007FFD70340000):000006a6 at 00007FFD70353FB8 []
KERNELBASE.dll(00007FFD70340000):000006a6 at 00007FFD70353FB8 []
1 00007FFD65F00000 C:\Windows\System32\Windows.StateRepositoryPS.dll
1 00007FFD5A630000 C:\Windows\System32\Windows.StateRepositoryBroker.dll
1 00007FFD68870000 C:\Windows\SYSTEM32\mrmcorer.dll
1 00007FFD66B00000 C:\Windows\SYSTEM32\iertutil.dll
1 00007FFD68560000 C:\Windows\System32\TextInputFramework.dll
1 00007FFD686E0000 C:\Windows\System32\Windows.UI.dll
1 00007FFD68AA0000 C:\Windows\SYSTEM32\Bcp47Langs.dll
1 00007FFD59F30000 C:\Windows\System32\vaultcli.dll
1 00007FFD6E840000 C:\Windows\SYSTEM32\profext.dll
KERNELBASE.dll(00007FFD70340000):000006a6 at 00007FFD70353FB8 []
KERNELBASE.dll(00007FFD70340000):000006a6 at 00007FFD70353FB8 []
KERNELBASE.dll(00007FFD70340000):000006a6 at 00007FFD70353FB8 []
KERNELBASE.dll(00007FFD70340000):000006a6 at 00007FFD70353FB8 []
KERNELBASE.dll(00007FFD70340000):000006a6 at 00007FFD70353FB8 []
KERNELBASE.dll(00007FFD70340000):000006a6 at 00007FFD70353FB8 []
2 00007FFD64DD0000 c:\windows\system32\netsetupsvc.dll
KERNELBASE.dll(00007FFD70340000):000006d9 at 00007FFD70353FB8 []
KERNELBASE.dll(00007FFD70340000):000006d9 at 00007FFD70353FB8 []
KERNELBASE.dll(00007FFD70340000):000006d9 at 00007FFD70353FB8 []
1 00007FFD687F0000 C:\Windows\system32\wbem\ncprov.dll
KERNELBASE.dll(00007FFD70340000):000006d9 at 00007FFD70353FB8 []
