DLL_PROCESS_ATTACH
1 00007FFD70340000 C:\Windows\System32\KERNELBASE.dll
1 00007FFD730B0000 C:\Windows\System32\KERNEL32.DLL
1 00007FFD70320000 C:\Windows\System32\win32u.dll
1 00007FFD70750000 C:\Windows\System32\ucrtbase.dll
1 00007FFD6FB30000 C:\Windows\System32\msvcp_win.dll
1 00007FFD705B0000 C:\Windows\System32\gdi32full.dll
1 00007FFD708F0000 C:\Windows\System32\GDI32.dll
1 00007FFD731C0000 C:\Windows\System32\USER32.dll
1 00007FFD70850000 C:\Windows\System32\msvcrt.dll
1 00007FFD72E20000 C:\Windows\System32\RPCRT4.dll
1 00007FFD6FA00000 C:\Windows\System32\bcryptPrimitives.dll
1 00007FFD70A70000 C:\Windows\System32\combase.dll
1 00007FFD710C0000 C:\Windows\System32\shcore.dll
1 00007FFD6F9B0000 C:\Windows\System32\cfgmgr32.dll
1 00007FFD70920000 C:\Windows\System32\sechost.dll
1 00007FFD715C0000 C:\Windows\System32\advapi32.dll
1 00007FFD70A10000 C:\Windows\System32\shlwapi.dll
1 00007FFD6F6F0000 C:\Windows\System32\kernel.appcore.dll
1 00007FFD6F730000 C:\Windows\System32\powrprof.dll
1 00007FFD6F6D0000 C:\Windows\System32\profapi.dll
1 00007FFD6FBD0000 C:\Windows\System32\windows.storage.dll
1 00007FFD716A0000 C:\Windows\System32\SHELL32.dll
1 00007FFD72B80000 C:\Windows\System32\OLEAUT32.dll
1 00007FFD6EF70000 C:\Windows\system32\UIAutomationCore.DLL
1 00007FFD70F60000 C:\Windows\System32\ole32.dll
1 00007FFD6EED0000 C:\Windows\system32\UxTheme.dll
1 00007FFD6ED20000 C:\Windows\system32\DUI70.dll
1 00007FFD6EC80000 C:\Windows\system32\DUser.dll
1 00007FFD6F180000 C:\Windows\system32\BOOTUX.dll
1 00007FF628E10000 C:\Windows\system32\bootim.exe
1 00007FFD72C50000 C:\Windows\System32\IMM32.DLL
1 00007FFD6EA10000 C:\Windows\WinSxS\amd64_microsoft.windows.common-controls_6595b64144ccf1df_6.0.16299.15_none_cc92fb402215d91d\Comctl32.dll
1 00007FFD70D80000 C:\Windows\System32\MSCTF.dll
1 00007FFD6E700000 C:\Windows\system32\dwrite.dll
KERNELBASE.dll(00007FFD70340000):e06d7363 at 00007FFD70353FB8 [ 0000000019930520 000000D192A7DC00 00007FFD6E9A6910 00007FFD6E700000]
KERNELBASE.dll(00007FFD70340000):e06d7363 at 00007FFD70353FB8 [ 0000000019930520 000000D192A7DC00 00007FFD6E9A6910 00007FFD6E700000]
KERNELBASE.dll(00007FFD70340000):e06d7363 at 00007FFD70353FB8 [ 0000000019930520 000000D192A7DC00 00007FFD6E9A6910 00007FFD6E700000]
KERNELBASE.dll(00007FFD70340000):e06d7363 at 00007FFD70353FB8 [ 0000000019930520 000000D192A7DC00 00007FFD6E9A6910 00007FFD6E700000]
1 00007FFD6E690000 C:\Windows\system32\OLEACC.dll
1 00007FFD6E4D0000 C:\Windows\system32\PROPSYS.dll
1 00007FFD6E020000 C:\Windows\SYSTEM32\ntmarta.dll
1 00007FFD6E350000 C:\Windows\System32\CoreMessaging.dll
1 00007FFD6DEE0000 C:\Windows\SYSTEM32\wintypes.dll
1 00007FFD6E060000 C:\Windows\System32\CoreUIComponents.dll
1 00007FFD6E430000 C:\Windows\System32\TextInputFramework.dll
1 00007FFD6DCE0000 C:\Windows\system32\bcrypt.dll
1 00007FFD6DE10000 C:\Windows\system32\Cabinet.dll
1 00007FFD71680000 C:\Windows\System32\imagehlp.dll
1 00007FFD6DD10000 C:\Windows\system32\ReAgent.dll
1 00007FFD6F710000 C:\Windows\System32\MSASN1.dll
1 00007FFD6F7E0000 C:\Windows\System32\CRYPT32.dll
1 00007FFD6DCD0000 C:\Windows\system32\VERSION.dll
1 00007FFD6DA20000 C:\Windows\system32\bcd.dll
1 00007FFD6D930000 C:\Windows\system32\DismApi.DLL
1 00007FFD6D810000 C:\Windows\system32\FVEAPI.dll
1 00007FFD6D8F0000 C:\Windows\system32\WDSCORE.dll
1 00007FFD71170000 C:\Windows\System32\SETUPAPI.dll
1 00007FFD6D800000 C:\Windows\system32\tbs.dll
1 00007FFD6D510000 C:\Windows\system32\VssTrace.DLL
1 00007FFD70EF0000 C:\Windows\System32\WS2_32.dll
1 00007FFD6D660000 C:\Windows\system32\VSSAPI.DLL
1 00007FFD6D570000 C:\Windows\system32\WINHTTP.dll
1 00007FFD6F780000 C:\Windows\System32\WINTRUST.dll
1 00007FFD6D650000 C:\Windows\system32\FLTLIB.DLL
1 00007FFD6D530000 C:\Windows\system32\XmlLite.dll
1 00007FFD6DA60000 C:\Windows\system32\ResetEngine.dll
1 00007FFD6DA40000 C:\Windows\system32\CRYPTSP.DLL
1 00007FFD6DE40000 C:\Windows\system32\BootMenuUX.DLL
DLL_PROCESS_DETACH
