DLL_PROCESS_ATTACH
1 00007FFD70340000 C:\Windows\System32\KERNELBASE.dll
1 00007FFD730B0000 C:\Windows\System32\KERNEL32.DLL
1 00007FFD72E20000 C:\Windows\System32\RPCRT4.dll
1 00007FFD70920000 C:\Windows\System32\sechost.dll
1 00007FFD70750000 C:\Windows\System32\ucrtbase.dll
1 00007FF7F6FA0000 C:\Windows\system32\svchost.exe
1 00007FFD70850000 C:\Windows\System32\msvcrt.dll
1 00007FFD6E710000 c:\windows\system32\umpnpmgr.dll
1 00007FFD6FA00000 C:\Windows\System32\bcryptPrimitives.dll
1 00007FFD70A70000 C:\Windows\System32\combase.dll
1 00007FFD6F710000 C:\Windows\System32\MSASN1.dll
1 00007FFD6F7E0000 C:\Windows\System32\CRYPT32.dll
1 00007FFD715C0000 C:\Windows\System32\advapi32.dll
1 00007FFD6F780000 C:\Windows\System32\WINTRUST.dll
1 00007FFD6E6F0000 C:\Windows\SYSTEM32\WLDP.DLL
1 00007FFD6E6C0000 c:\windows\system32\umpo.dll
1 00007FFD6F9B0000 C:\Windows\System32\cfgmgr32.dll
1 00007FFD6F730000 C:\Windows\System32\powrprof.dll
1 00007FFD6FB30000 C:\Windows\System32\msvcp_win.dll
1 00007FFD72B80000 C:\Windows\System32\OLEAUT32.dll
1 00007FFD6E4E0000 c:\windows\system32\mintdh.dll
1 00007FFD6E5E0000 C:\Windows\SYSTEM32\tdh.dll
1 00007FFD710C0000 C:\Windows\System32\shcore.dll
1 00007FFD70320000 C:\Windows\System32\win32u.dll
1 00007FFD731C0000 C:\Windows\System32\USER32.dll
1 00007FFD705B0000 C:\Windows\System32\gdi32full.dll
1 00007FFD708F0000 C:\Windows\System32\gdi32.dll
1 00007FFD6E530000 c:\windows\system32\dxgi.dll
1 00007FFD6E6A0000 C:\Windows\SYSTEM32\umpoext.dll
1 00007FFD6E4C0000 C:\Windows\system32\umpo-overrides.dll
2 00007FFD6E4C0000 C:\Windows\system32\umpo-overrides.dll
1 00007FFD6E4B0000 C:\Windows\SYSTEM32\gpapi.dll
1 00007FFD6E4A0000 C:\Windows\SYSTEM32\HID.DLL
1 00007FFD70A10000 C:\Windows\System32\shlwapi.dll
1 00007FFD6F6F0000 C:\Windows\System32\kernel.appcore.dll
1 00007FFD6F6D0000 C:\Windows\System32\profapi.dll
1 00007FFD6FBD0000 C:\Windows\System32\windows.storage.dll
1 00007FFD6E380000 c:\windows\system32\rpcss.dll
1 00007FFD6F5F0000 c:\windows\system32\SspiCli.dll
1 00007FFD6DBE0000 c:\windows\system32\RMCLIENT.dll
1 00007FFD6F1C0000 c:\windows\system32\bcrypt.dll
1 00007FFD6DC00000 C:\Windows\SYSTEM32\twinapi.appcore.dll
1 00007FFD6E800000 C:\Windows\SYSTEM32\ntmarta.dll
1 00007FFD6F470000 c:\windows\system32\DEVOBJ.dll
1 00007FFD6DDB0000 c:\windows\system32\psmsrv.dll
1 00007FFD6F4A0000 c:\windows\system32\EventAggregation.dll
1 00007FFD6DD80000 c:\windows\system32\ResourcePolicyClient.dll
1 00007FFD6DE90000 c:\windows\system32\bisrv.dll
1 00007FFD6DAB0000 c:\windows\system32\dwmapi.dll
1 00007FFD6DAE0000 c:\windows\system32\lsm.dll
1 00007FFD72AE0000 C:\Windows\System32\clbcatq.dll
1 00007FFD6DAA0000 c:\windows\system32\SYSNTFY.dll
1 00007FFD6DA80000 C:\Windows\SYSTEM32\embeddedmodesvcapi.dll
1 00007FFD6D880000 c:\windows\system32\wer.dll
1 00007FFD6DA00000 C:\Windows\SYSTEM32\psmserviceexthost.dll
1 00007FFD6F5C0000 C:\Windows\System32\Userenv.dll
1 00007FFD6F0C0000 C:\Windows\SYSTEM32\CRYPTSP.dll
1 00007FFD6D790000 C:\Windows\SYSTEM32\resourcepolicyserver.dll
1 00007FFD6CF60000 c:\windows\system32\BrokerLib.dll
1 00007FFD6D1E0000 c:\windows\system32\systemeventsbrokerserver.dll
1 00007FFD6C200000 c:\windows\system32\DAB.dll
1 00007FFD6BF50000 C:\Windows\system32\lsmproxy.dll
1 00007FFD6BA90000 C:\Windows\SYSTEM32\usermgrcli.dll
KERNELBASE.dll(00007FFD70340000):800703f0 at 00007FFD70353FB8 []
KERNELBASE.dll(00007FFD70340000):800703f0 at 00007FFD70353FB8 []
KERNELBASE.dll(00007FFD70340000):800703f0 at 00007FFD70353FB8 []
KERNELBASE.dll(00007FFD70340000):800703f0 at 00007FFD70353FB8 []
KERNELBASE.dll(00007FFD70340000):800703f0 at 00007FFD70353FB8 []
KERNELBASE.dll(00007FFD70340000):800703f0 at 00007FFD70353FB8 []
KERNELBASE.dll(00007FFD70340000):800703f0 at 00007FFD70353FB8 []
KERNELBASE.dll(00007FFD70340000):800703f0 at 00007FFD70353FB8 []
KERNELBASE.dll(00007FFD70340000):800703f0 at 00007FFD70353FB8 []
KERNELBASE.dll(00007FFD70340000):800703f0 at 00007FFD70353FB8 []
KERNELBASE.dll(00007FFD70340000):800703f0 at 00007FFD70353FB8 []
KERNELBASE.dll(00007FFD70340000):800703f0 at 00007FFD70353FB8 []
KERNELBASE.dll(00007FFD70340000):800703f0 at 00007FFD70353FB8 []
KERNELBASE.dll(00007FFD70340000):800703f0 at 00007FFD70353FB8 []
KERNELBASE.dll(00007FFD70340000):800703f0 at 00007FFD70353FB8 []
KERNELBASE.dll(00007FFD70340000):800703f0 at 00007FFD70353FB8 []
1 00007FFD6A390000 C:\Windows\SYSTEM32\bi.dll
KERNELBASE.dll(00007FFD70340000):800703f0 at 00007FFD70353FB8 []
KERNELBASE.dll(00007FFD70340000):800703f0 at 00007FFD70353FB8 []
KERNELBASE.dll(00007FFD70340000):800703f0 at 00007FFD70353FB8 []
KERNELBASE.dll(00007FFD70340000):800703f0 at 00007FFD70353FB8 []
KERNELBASE.dll(00007FFD70340000):800703f0 at 00007FFD70353FB8 []
KERNELBASE.dll(00007FFD70340000):800703f0 at 00007FFD70353FB8 []
KERNELBASE.dll(00007FFD70340000):800703f0 at 00007FFD70353FB8 []
KERNELBASE.dll(00007FFD70340000):800703f0 at 00007FFD70353FB8 []
KERNELBASE.dll(00007FFD70340000):800703f0 at 00007FFD70353FB8 []
KERNELBASE.dll(00007FFD70340000):800703f0 at 00007FFD70353FB8 []
KERNELBASE.dll(00007FFD70340000):800703f0 at 00007FFD70353FB8 []
KERNELBASE.dll(00007FFD70340000):800703f0 at 00007FFD70353FB8 []
KERNELBASE.dll(00007FFD70340000):800703f0 at 00007FFD70353FB8 []
KERNELBASE.dll(00007FFD70340000):800703f0 at 00007FFD70353FB8 []
KERNELBASE.dll(00007FFD70340000):800703f0 at 00007FFD70353FB8 []
KERNELBASE.dll(00007FFD70340000):800703f0 at 00007FFD70353FB8 []
1 00007FFD6EB00000 C:\Windows\system32\rsaenh.dll
1 00007FFD6F0B0000 C:\Windows\system32\CRYPTBASE.dll
KERNELBASE.dll(00007FFD70340000):800703f0 at 00007FFD70353FB8 []
KERNELBASE.dll(00007FFD70340000):80070002 at 00007FFD70353FB8 []
1 00007FFD61850000 C:\Windows\SYSTEM32\AppxAllUserStore.dll
2 00007FFD61850000 C:\Windows\SYSTEM32\AppxAllUserStore.dll
KERNELBASE.dll(00007FFD70340000):800703f0 at 00007FFD70353FB8 []
KERNELBASE.dll(00007FFD70340000):800703f0 at 00007FFD70353FB8 []
KERNELBASE.dll(00007FFD70340000):800703f0 at 00007FFD70353FB8 []
KERNELBASE.dll(00007FFD70340000):800703f0 at 00007FFD70353FB8 []
KERNELBASE.dll(00007FFD70340000):800703f0 at 00007FFD70353FB8 []
KERNELBASE.dll(00007FFD70340000):800703f0 at 00007FFD70353FB8 []
KERNELBASE.dll(00007FFD70340000):800703f0 at 00007FFD70353FB8 []
KERNELBASE.dll(00007FFD70340000):800703f0 at 00007FFD70353FB8 []
1 00007FFD6A7C0000 C:\Windows\SYSTEM32\wtsapi32.dll
1 00007FFD6F4C0000 C:\Windows\SYSTEM32\WINSTA.dll
1 00007FFD64E20000 C:\Windows\System32\OneCoreUAPCommonProxyStub.dll
1 00007FFD61440000 C:\Windows\System32\BackgroundMediaPolicy.dll
1 00007FFD61400000 C:\Windows\System32\ACPBackgroundManagerPolicy.dll
1 00007FFD61300000 C:\Windows\system32\SmartCardBackgroundPolicy.dll
1 00007FFD612E0000 C:\Windows\System32\Windows.Networking.BackgroundTransfer.BackgroundManagerPolicy.dll
1 00007FFD612C0000 C:\Windows\system32\SebBackgroundManagerPolicy.dll
1 00007FFD70F60000 C:\Windows\System32\ole32.dll
1 00007FFD70980000 C:\Windows\System32\coml2.dll
1 00007FFD61010000 C:\Windows\System32\OneCoreCommonProxyStub.dll
1 00007FFD60E70000 C:\Windows\system32\execmodelproxy.dll
1 00007FFD6CFB0000 C:\Windows\System32\CoreMessaging.dll
1 00007FFD61460000 C:\Windows\System32\execmodelclient.dll
KERNELBASE.dll(00007FFD70340000):e06d7363 at 00007FFD70353FB8 [ 0000000019930520 00000088F47FD170 00007FFD6CF9B3C8 00007FFD6CF60000]
1 00007FFD5D7C0000 C:\Windows\SYSTEM32\SrumAPI.dll
1 00007FFD6B020000 C:\Windows\System32\msvcp110_win.dll
1 00007FFD6B110000 C:\Windows\SYSTEM32\policymanager.dll
1 00007FFD5D760000 C:\Windows\SYSTEM32\capauthz.dll
1 00007FFD5D7E0000 C:\Windows\SYSTEM32\licensemanagerapi.dll
1 00007FFD6D7D0000 C:\Windows\system32\apphelp.dll
