DLL_PROCESS_ATTACH
1 00007FFD70340000 C:\Windows\System32\KERNELBASE.dll
1 00007FFD730B0000 C:\Windows\System32\KERNEL32.DLL
1 00007FFD72E20000 C:\Windows\System32\RPCRT4.dll
1 00007FFD70920000 C:\Windows\System32\sechost.dll
1 00007FFD70750000 C:\Windows\System32\ucrtbase.dll
1 00007FF7F6FA0000 C:\Windows\system32\svchost.exe
1 00007FFD6FA00000 C:\Windows\System32\bcryptPrimitives.dll
1 00007FFD70A70000 C:\Windows\System32\combase.dll
1 00007FFD70850000 C:\Windows\System32\msvcrt.dll
1 00007FFD6F6F0000 C:\Windows\System32\kernel.appcore.dll
1 00007FFD70320000 C:\Windows\System32\win32u.dll
1 00007FFD6FB30000 C:\Windows\System32\msvcp_win.dll
1 00007FFD705B0000 C:\Windows\System32\gdi32full.dll
1 00007FFD708F0000 C:\Windows\System32\GDI32.dll
1 00007FFD731C0000 C:\Windows\System32\user32.dll
1 00007FFD6F730000 C:\Windows\System32\powrprof.dll
1 00007FFD6BDD0000 c:\windows\system32\SensorsNativeApi.dll
1 00007FFD6CF60000 c:\windows\system32\BrokerLib.dll
1 00007FFD6BAD0000 c:\windows\system32\ESENT.dll
1 00007FFD6F9B0000 C:\Windows\System32\cfgmgr32.dll
1 00007FFD72B80000 C:\Windows\System32\OLEAUT32.dll
1 00007FFD710C0000 C:\Windows\System32\shcore.dll
1 00007FFD6E150000 c:\windows\system32\PROPSYS.dll
1 00007FFD715C0000 C:\Windows\System32\advapi32.dll
1 00007FFD6E140000 c:\windows\system32\SensorsUtilsV2.dll
1 00007FFD6BDF0000 c:\windows\system32\sensorservice.dll
1 00007FFD6F710000 C:\Windows\System32\MSASN1.dll
1 00007FFD6F7E0000 C:\Windows\System32\CRYPT32.dll
1 00007FFD6F780000 C:\Windows\System32\WINTRUST.dll
1 00007FFD6E6F0000 C:\Windows\SYSTEM32\WLDP.DLL
1 00007FFD72AE0000 C:\Windows\System32\clbcatq.dll
1 00007FFD6B2C0000 C:\Windows\System32\deviceaccess.dll
1 00007FFD6B1C0000 c:\windows\system32\wpdbusenum.dll
1 00007FFD6B020000 C:\Windows\System32\msvcp110_win.dll
1 00007FFD6B110000 C:\Windows\SYSTEM32\policymanager.dll
KERNELBASE.dll(00007FFD70340000):e06d7363 at 00007FFD70353FB8 [ 0000000019930520 000000CF89F7DCA0 00007FFD6BE6C910 00007FFD6BDF0000]
KERNELBASE.dll(00007FFD70340000):e06d7363 at 00007FFD70353FB8 [ 0000000019930520 0000000000000000 0000000000000000 0000000000000000]
1 00007FFD6AD70000 C:\Windows\SYSTEM32\PortableDeviceApi.dll
KERNELBASE.dll(00007FFD70340000):e06d7363 at 00007FFD70353FB8 [ 0000000019930520 000000CF89F7DCA0 00007FFD6BE6C910 00007FFD6BDF0000]
KERNELBASE.dll(00007FFD70340000):e06d7363 at 00007FFD70353FB8 [ 0000000019930520 0000000000000000 0000000000000000 0000000000000000]
1 00007FFD71170000 C:\Windows\System32\SETUPAPI.dll
1 00007FFD6F470000 C:\Windows\System32\DEVOBJ.dll
1 00007FFD6AAA0000 C:\Windows\System32\portabledeviceconnectapi.dll
KERNELBASE.dll(00007FFD70340000):e06d7363 at 00007FFD70353FB8 [ 0000000019930520 000000CF89F7D5B0 00007FFD6BE6C910 00007FFD6BDF0000]
KERNELBASE.dll(00007FFD70340000):e06d7363 at 00007FFD70353FB8 [ 0000000019930520 000000CF89F7D5B0 00007FFD6BE6C910 00007FFD6BDF0000]
KERNELBASE.dll(00007FFD70340000):e06d7363 at 00007FFD70353FB8 [ 0000000019930520 000000CF89F7D5B0 00007FFD6BE6C910 00007FFD6BDF0000]
KERNELBASE.dll(00007FFD70340000):e06d7363 at 00007FFD70353FB8 [ 0000000019930520 000000CF89F7D5B0 00007FFD6BE6C910 00007FFD6BDF0000]
KERNELBASE.dll(00007FFD70340000):e06d7363 at 00007FFD70353FB8 [ 0000000019930520 000000CF89F7D5B0 00007FFD6BE6C910 00007FFD6BDF0000]
KERNELBASE.dll(00007FFD70340000):e06d7363 at 00007FFD70353FB8 [ 0000000019930520 000000CF89F7D1D0 00007FFD6BE6C910 00007FFD6BDF0000]
KERNELBASE.dll(00007FFD70340000):e06d7363 at 00007FFD70353FB8 [ 0000000019930520 000000CF89F7CFE0 00007FFD6BE6C910 00007FFD6BDF0000]
KERNELBASE.dll(00007FFD70340000):e06d7363 at 00007FFD70353FB8 [ 0000000019930520 000000CF89F7D020 00007FFD6BE6C910 00007FFD6BDF0000]
1 00007FFD6EC80000 c:\windows\system32\IPHLPAPI.DLL
1 00007FFD6F1C0000 c:\windows\system32\bcrypt.dll
1 00007FFD6A930000 c:\windows\system32\WINSPOOL.DRV
1 00007FFD6A7E0000 c:\windows\system32\devrtl.DLL
1 00007FFD6A880000 c:\windows\system32\newdev.dll
1 00007FFD6AA50000 c:\windows\system32\umrdp.dll
1 00007FFD70A10000 C:\Windows\System32\SHLWAPI.dll
1 00007FFD6B320000 C:\Windows\SYSTEM32\SensorsNativeApi.V2.dll
1 00007FFD6A7C0000 c:\windows\system32\WTSAPI32.dll
1 00007FFD6F4C0000 c:\windows\system32\WINSTA.dll
KERNELBASE.dll(00007FFD70340000):000006ba at 00007FFD70353FB8 []
1 00007FFD6AFE0000 C:\Windows\System32\ATL.DLL
1 00007FFD6B000000 C:\Windows\System32\umb.dll
KERNELBASE.dll(00007FFD70340000):800703f0 at 00007FFD70353FB8 []
KERNELBASE.dll(00007FFD70340000):800703f0 at 00007FFD70353FB8 []
KERNELBASE.dll(00007FFD70340000):000006ba at 00007FFD70353FB8 []
KERNELBASE.dll(00007FFD70340000):800703f0 at 00007FFD70353FB8 []
KERNELBASE.dll(00007FFD70340000):800703f0 at 00007FFD70353FB8 []
KERNELBASE.dll(00007FFD70340000):000006ba at 00007FFD70353FB8 []
KERNELBASE.dll(00007FFD70340000):800703f0 at 00007FFD70353FB8 []
KERNELBASE.dll(00007FFD70340000):800703f0 at 00007FFD70353FB8 []
KERNELBASE.dll(00007FFD70340000):800703f0 at 00007FFD70353FB8 []
KERNELBASE.dll(00007FFD70340000):800703f0 at 00007FFD70353FB8 []
KERNELBASE.dll(00007FFD70340000):800703f0 at 00007FFD70353FB8 []
KERNELBASE.dll(00007FFD70340000):800703f0 at 00007FFD70353FB8 []
KERNELBASE.dll(00007FFD70340000):800703f0 at 00007FFD70353FB8 []
KERNELBASE.dll(00007FFD70340000):800703f0 at 00007FFD70353FB8 []
KERNELBASE.dll(00007FFD70340000):800703f0 at 00007FFD70353FB8 []
KERNELBASE.dll(00007FFD70340000):800703f0 at 00007FFD70353FB8 []
KERNELBASE.dll(00007FFD70340000):800703f0 at 00007FFD70353FB8 []
KERNELBASE.dll(00007FFD70340000):800703f0 at 00007FFD70353FB8 []
KERNELBASE.dll(00007FFD70340000):e06d7363 at 00007FFD70353FB8 [ 0000000019930520 000000CF89F7D0C0 00007FFD6BE6C910 00007FFD6BDF0000]
KERNELBASE.dll(00007FFD70340000):e06d7363 at 00007FFD70353FB8 [ 0000000019930520 000000CF89F7CF90 00007FFD6BE6C910 00007FFD6BDF0000]
KERNELBASE.dll(00007FFD70340000):e06d7363 at 00007FFD70353FB8 [ 0000000019930520 0000000000000000 0000000000000000 0000000000000000]
KERNELBASE.dll(00007FFD70340000):e06d7363 at 00007FFD70353FB8 [ 0000000019930520 000000CF89F7D5B0 00007FFD6BE6C910 00007FFD6BDF0000]
KERNELBASE.dll(00007FFD70340000):e06d7363 at 00007FFD70353FB8 [ 0000000019930520 000000CF89F7D5B0 00007FFD6BE6C910 00007FFD6BDF0000]
KERNELBASE.dll(00007FFD70340000):e06d7363 at 00007FFD70353FB8 [ 0000000019930520 000000CF8A5FD520 00007FFD6BE6C910 00007FFD6BDF0000]
KERNELBASE.dll(00007FFD70340000):e06d7363 at 00007FFD70353FB8 [ 0000000019930520 000000CF8A5FD330 00007FFD6BE6C910 00007FFD6BDF0000]
KERNELBASE.dll(00007FFD70340000):e06d7363 at 00007FFD70353FB8 [ 0000000019930520 000000CF8A5FD370 00007FFD6BE6C910 00007FFD6BDF0000]
KERNELBASE.dll(00007FFD70340000):e06d7363 at 00007FFD70353FB8 [ 0000000019930520 000000CF8A5FD330 00007FFD6BE6C910 00007FFD6BDF0000]
KERNELBASE.dll(00007FFD70340000):e06d7363 at 00007FFD70353FB8 [ 0000000019930520 000000CF8A5FD370 00007FFD6BE6C910 00007FFD6BDF0000]
1 00007FFD6A440000 c:\windows\system32\MMDevAPI.DLL
1 00007FFD6A6A0000 c:\windows\system32\audioendpointbuilder.dll
KERNELBASE.dll(00007FFD70340000):800703f0 at 00007FFD70353FB8 []
KERNELBASE.dll(00007FFD70340000):800703f0 at 00007FFD70353FB8 []
1 00007FFD6F0B0000 c:\windows\system32\CRYPTBASE.DLL
1 00007FFD687F0000 c:\windows\system32\fhsvc.dll
1 00007FFD686D0000 C:\Windows\system32\msidle.dll
1 00007FFD6F5F0000 C:\Windows\system32\sspicli.dll
KERNELBASE.dll(00007FFD70340000):800703f0 at 00007FFD70353FB8 []
KERNELBASE.dll(00007FFD70340000):800703f0 at 00007FFD70353FB8 []
KERNELBASE.dll(00007FFD70340000):800703f0 at 00007FFD70353FB8 []
KERNELBASE.dll(00007FFD70340000):800703f0 at 00007FFD70353FB8 []
KERNELBASE.dll(00007FFD70340000):800703f0 at 00007FFD70353FB8 []
KERNELBASE.dll(00007FFD70340000):800703f0 at 00007FFD70353FB8 []
KERNELBASE.dll(00007FFD70340000):800703f0 at 00007FFD70353FB8 []
KERNELBASE.dll(00007FFD70340000):800703f0 at 00007FFD70353FB8 []
KERNELBASE.dll(00007FFD70340000):800703f0 at 00007FFD70353FB8 []
KERNELBASE.dll(00007FFD70340000):800703f0 at 00007FFD70353FB8 []
KERNELBASE.dll(00007FFD70340000):800703f0 at 00007FFD70353FB8 []
KERNELBASE.dll(00007FFD70340000):800703f0 at 00007FFD70353FB8 []
KERNELBASE.dll(00007FFD70340000):800703f0 at 00007FFD70353FB8 []
KERNELBASE.dll(00007FFD70340000):800703f0 at 00007FFD70353FB8 []
1 00007FFD70F60000 C:\Windows\System32\ole32.dll
1 00007FFD6F6D0000 C:\Windows\System32\profapi.dll
1 00007FFD6FBD0000 C:\Windows\System32\windows.storage.dll
1 00007FFD716A0000 C:\Windows\System32\SHELL32.dll
1 00007FFD6A9C0000 C:\Windows\System32\wevtapi.dll
1 00007FFD6F150000 C:\Windows\System32\NTASN1.dll
1 00007FFD6F190000 C:\Windows\System32\ncrypt.dll
1 00007FFD6BF80000 C:\Windows\System32\DSROLE.dll
1 00007FFD61880000 C:\Windows\System32\EFSUTIL.dll
1 00007FFD66970000 C:\Windows\System32\MPR.dll
1 00007FFD6ED80000 C:\Windows\System32\netutils.dll
1 00007FFD62F60000 C:\Windows\System32\XmlLite.dll
1 00007FFD657E0000 C:\Windows\System32\NETAPI32.dll
1 00007FFD61850000 C:\Windows\System32\SRVCLI.DLL
1 00007FFD61760000 C:\Windows\System32\fhcfg.dll
1 00007FFD6F5C0000 C:\Windows\System32\USERENV.dll
KERNELBASE.dll(00007FFD70340000):800703f0 at 00007FFD70353FB8 []
KERNELBASE.dll(00007FFD70340000):800703f0 at 00007FFD70353FB8 []
KERNELBASE.dll(00007FFD70340000):800703f0 at 00007FFD70353FB8 []
KERNELBASE.dll(00007FFD70340000):800703f0 at 00007FFD70353FB8 []
KERNELBASE.dll(00007FFD70340000):800703f0 at 00007FFD70353FB8 []
KERNELBASE.dll(00007FFD70340000):800703f0 at 00007FFD70353FB8 []
KERNELBASE.dll(00007FFD70340000):800703f0 at 00007FFD70353FB8 []
KERNELBASE.dll(00007FFD70340000):800703f0 at 00007FFD70353FB8 []
1 00007FFD70EF0000 C:\Windows\System32\WS2_32.dll
1 00007FFD71670000 C:\Windows\System32\NSI.dll
1 00007FFD5D8A0000 c:\windows\system32\SystemEventsBrokerClient.dll
1 00007FFD5D8B0000 c:\windows\system32\ncbservice.dll
1 00007FFD6A390000 C:\Windows\SYSTEM32\bi.dll
1 00007FFD65460000 C:\Windows\SYSTEM32\windows.devices.radios.dll
1 00007FFD6DBE0000 C:\Windows\System32\RMCLIENT.dll
1 00007FFD6DC00000 C:\Windows\System32\twinapi.appcore.dll
1 00007FFD6BA90000 C:\Windows\SYSTEM32\usermgrcli.dll
1 00007FFD70980000 C:\Windows\System32\coml2.dll
1 00007FFD61010000 C:\Windows\System32\OneCoreCommonProxyStub.dll
1 00007FFD66A20000 C:\Windows\SYSTEM32\httpprxc.dll
1 00007FFD6EEF0000 C:\Windows\system32\mswsock.dll
1 00007FFD60E70000 C:\Windows\system32\execmodelproxy.dll
1 00007FFD65D00000 C:\Windows\System32\netprofm.dll
1 00007FFD66210000 C:\Windows\System32\npmproxy.dll
1 00007FFD5A6D0000 c:\windows\system32\tabsvc.dll
1 00007FFD6E4A0000 c:\windows\system32\HID.DLL
1 00007FFD6D7D0000 c:\windows\system32\apphelp.dll
1 00007FFD62600000 c:\windows\system32\pcasvc.dll
2 00007FFD686D0000 C:\Windows\system32\msidle.dll
2 00007FFD687F0000 c:\windows\system32\fhsvc.dll
2 00007FFD6F0B0000 c:\windows\system32\CRYPTBASE.DLL
2 00007FFD6B1C0000 c:\windows\system32\wpdbusenum.dll
1 00007FFD58AD0000 C:\Program Files\Common Files\Microsoft Shared\Ink\IpsPlugin.dll
2 00007FFD58AD0000 C:\Program Files\Common Files\Microsoft Shared\Ink\IpsPlugin.dll
