DLL_PROCESS_ATTACH
1 00007FFD70340000 C:\Windows\System32\KERNELBASE.dll
1 00007FFD730B0000 C:\Windows\System32\KERNEL32.DLL
1 00007FFD72E20000 C:\Windows\System32\RPCRT4.dll
1 00007FFD70750000 C:\Windows\System32\ucrtbase.dll
1 00007FFD6FA00000 C:\Windows\System32\bcryptPrimitives.dll
1 00007FFD70A70000 C:\Windows\System32\combase.dll
1 00007FFD70920000 C:\Windows\System32\sechost.dll
1 00007FFD6F9B0000 C:\Windows\System32\cfgmgr32.dll
1 00007FFD6F470000 C:\Windows\SYSTEM32\DEVOBJ.dll
1 00007FFD6F5F0000 C:\Windows\SYSTEM32\SspiCli.dll
1 00007FFD70850000 C:\Windows\System32\msvcrt.dll
1 00007FFD715C0000 C:\Windows\System32\advapi32.dll
1 00007FFD6E870000 C:\Windows\SYSTEM32\WUDFPlatform.dll
1 00007FF6C2320000 C:\Windows\System32\WUDFHost.exe
1 00007FFD6F6F0000 C:\Windows\System32\kernel.appcore.dll
1 00007FFD6E4A0000 C:\Windows\System32\HID.DLL
1 00007FFD6FB30000 C:\Windows\System32\msvcp_win.dll
1 00007FFD72B80000 C:\Windows\System32\OLEAUT32.dll
1 00007FFD710C0000 C:\Windows\System32\shcore.dll
1 00007FFD6E150000 C:\Windows\System32\PROPSYS.dll
1 00007FFD6E140000 C:\Windows\System32\SensorsUtilsV2.dll
1 00007FFD6E310000 C:\Windows\System32\drivers\UMDF\SensorsHid.dll
1 00007FFD6DF60000 C:\Windows\System32\dbghelp.dll
1 00007FFD6DDF0000 C:\Windows\System32\WUDFx02000.dll
1 00007FFD6E130000 C:\Windows\System32\WppRecorderUM.dll
1 00007FFD6DBA0000 C:\Windows\System32\drivers\UMDF\SensorsCx.dll
