DLL_PROCESS_ATTACH
1 00007FF8B4890000 C:\Windows\System32\KERNELBASE.dll
1 00007FF8B5A70000 C:\Windows\System32\KERNEL32.DLL
1 00007FF8B7C70000 C:\Windows\System32\msvcrt.dll
1 00007FF8B5110000 C:\Windows\System32\ucrtbase.dll
1 00007FF8B5530000 C:\Windows\System32\RPCRT4.dll
1 00007FF8B4B80000 C:\Windows\System32\bcryptPrimitives.dll
1 00007FF8B6290000 C:\Windows\System32\combase.dll
1 00007FF7CAA60000 C:\Windows\system32\LogonUI.exe
1 00007FF8B40D0000 C:\Windows\System32\kernel.appcore.dll
1 00007FF8B4B60000 C:\Windows\System32\win32u.dll
1 00007FF8B4D00000 C:\Windows\System32\msvcp_win.dll
1 00007FF8B4DA0000 C:\Windows\System32\gdi32full.dll
1 00007FF8B5A40000 C:\Windows\System32\GDI32.dll
1 00007FF8B5300000 C:\Windows\System32\user32.dll
1 00007FF8B57F0000 C:\Windows\System32\IMM32.DLL
1 00007FF8B2310000 C:\Windows\system32\uxtheme.dll
1 00007FF8B5490000 C:\Windows\System32\clbcatq.dll
1 00007FF8B60D0000 C:\Windows\System32\SHCORE.dll
1 00007FF8B5B30000 C:\Windows\System32\SHLWAPI.dll
1 00007FF8B40F0000 C:\Windows\System32\powrprof.dll
1 00007FF8B4090000 C:\Windows\System32\profapi.dll
1 00007FF8B3F90000 C:\Windows\System32\USERENV.dll
1 00007FF8B7AB0000 C:\Windows\System32\sechost.dll
1 00007FF8B4CB0000 C:\Windows\System32\CFGMGR32.dll
1 00007FF8B2010000 C:\Windows\System32\WINMMBASE.dll
1 00007FF8B2040000 C:\Windows\SYSTEM32\winmm.dll
1 00007FF8B1FE0000 C:\Windows\System32\sppc.dll
1 00007FF8B2070000 C:\Windows\System32\SLC.dll
1 00007FF8B5820000 C:\Windows\System32\advapi32.dll
1 00007FF8A75C0000 C:\Windows\System32\logoncontroller.dll
1 00007FF8B3E90000 C:\Windows\System32\WINSTA.dll
1 00007FF8B2480000 C:\Windows\system32\dwmapi.dll
1 00007FF8B65A0000 C:\Windows\System32\OLEAUT32.dll
1 00007FF8AE3C0000 C:\Windows\system32\wincorlib.DLL
1 00007FF8AF3D0000 C:\Windows\system32\WTSAPI32.dll
1 00007FF899E10000 C:\Windows\system32\Windows.UI.Logon.dll
1 00007FF8AE5C0000 C:\Windows\System32\Windows.UI.XamlHost.dll
1 00007FF8B58D0000 C:\Windows\System32\MSCTF.dll
1 00007FF8AE1C0000 C:\Windows\System32\MrmCoreR.dll
1 00007FF8B31D0000 C:\Windows\SYSTEM32\ntmarta.dll
1 00007FF8B1AF0000 C:\Windows\System32\CoreMessaging.dll
1 00007FF8AF750000 C:\Windows\SYSTEM32\wintypes.dll
1 00007FF8ADC80000 C:\Windows\System32\CoreUIComponents.dll
1 00007FF8ADF70000 C:\Windows\System32\TextInputFramework.dll
1 00007FF8AE010000 C:\Windows\System32\Windows.UI.dll
1 00007FF8AE350000 C:\Windows\System32\Bcp47Langs.dll
1 00007FF8AC8F0000 C:\Windows\System32\UIAutomationCore.DLL
1 00007FF8AC650000 C:\Windows\System32\iertutil.dll
1 00007FF8B0C90000 C:\Windows\System32\dcomp.dll
1 00007FF8ACB20000 C:\Windows\System32\Windows.UI.Xaml.dll
1 00007FF8AC330000 C:\Windows\System32\Windows.UI.Immersive.dll
1 00007FF8B2730000 C:\Windows\System32\RMCLIENT.dll
1 00007FF8B3B90000 C:\Windows\System32\bcrypt.dll
1 00007FF8B2570000 C:\Windows\System32\twinapi.appcore.dll
1 00007FF8B4140000 C:\Windows\System32\windows.storage.dll
1 00007FF8B5210000 C:\Windows\System32\imagehlp.dll
1 00007FF8B3A80000 C:\Windows\System32\CRYPTBASE.DLL
1 00007FF8AB700000 C:\Windows\SYSTEM32\urlmon.dll
1 00007FF8B2F00000 C:\Windows\SYSTEM32\dxgi.dll
1 00007FF8B2750000 C:\Windows\SYSTEM32\resourcepolicyclient.dll
2 00007FF8B2750000 C:\Windows\SYSTEM32\resourcepolicyclient.dll
1 00007FF8B1210000 C:\Windows\SYSTEM32\d3d11.dll
1 00007FF8B2940000 C:\Windows\system32\dbghelp.dll
1 00007FF8AA450000 C:\Windows\system32\vm3dum64_10.dll
1 00007FF8B40B0000 C:\Windows\System32\MSASN1.dll
1 00007FF8B4F40000 C:\Windows\System32\CRYPT32.dll
1 00007FF8B1500000 C:\Windows\SYSTEM32\d2d1.dll
1 00007FF8A9F30000 C:\Windows\SYSTEM32\dwrite.dll
1 00007FF8A8EE0000 C:\Windows\System32\Windows.Globalization.dll
1 00007FF8A8DE0000 C:\Windows\system32\directmanipulation.dll
1 00007FF8AA330000 C:\Windows\SYSTEM32\inputhost.dll
