DLL_PROCESS_ATTACH
1 00007FFD70340000 C:\Windows\System32\KERNELBASE.dll
1 00007FFD730B0000 C:\Windows\System32\KERNEL32.DLL
1 00007FFD72E20000 C:\Windows\System32\RPCRT4.dll
1 00007FFD70920000 C:\Windows\System32\sechost.dll
1 00007FFD70750000 C:\Windows\System32\ucrtbase.dll
1 00007FF7F6FA0000 C:\Windows\system32\svchost.exe
1 00007FFD6FA00000 C:\Windows\System32\bcryptPrimitives.dll
1 00007FFD70A70000 C:\Windows\System32\combase.dll
1 00007FFD70850000 C:\Windows\System32\msvcrt.dll
1 00007FFD6F6F0000 C:\Windows\System32\kernel.appcore.dll
1 00007FFD70320000 C:\Windows\System32\win32u.dll
1 00007FFD6FB30000 C:\Windows\System32\msvcp_win.dll
1 00007FFD705B0000 C:\Windows\System32\gdi32full.dll
1 00007FFD708F0000 C:\Windows\System32\GDI32.dll
1 00007FFD731C0000 C:\Windows\System32\user32.dll
1 00007FFD6F9B0000 C:\Windows\System32\cfgmgr32.dll
1 00007FFD6F5F0000 c:\windows\system32\SspiCli.dll
1 00007FFD6F1C0000 c:\windows\system32\bcrypt.dll
1 00007FFD6A430000 c:\windows\system32\WMsgAPI.dll
1 00007FFD715C0000 C:\Windows\System32\ADVAPI32.dll
1 00007FFD71170000 C:\Windows\System32\SETUPAPI.dll
1 00007FFD6F470000 c:\windows\system32\DEVOBJ.dll
1 00007FFD6A3D0000 c:\windows\system32\WinSCard.dll
1 00007FFD6F4C0000 c:\windows\system32\WINSTA.dll
1 00007FFD6A7C0000 c:\windows\system32\WTSAPI32.dll
1 00007FFD6A340000 c:\windows\system32\certprop.dll
KERNELBASE.dll(00007FFD70340000):e06d7363 at 00007FFD70353FB8 [ 0000000019930520 0000000334E7E5C8 00007FFD6A406430 00007FFD6A3D0000]
1 00007FFD6F710000 C:\Windows\System32\MSASN1.dll
1 00007FFD6F7E0000 C:\Windows\System32\CRYPT32.dll
1 00007FFD6F780000 C:\Windows\System32\WINTRUST.dll
1 00007FFD6E6F0000 C:\Windows\SYSTEM32\WLDP.DLL
KERNELBASE.dll(00007FFD70340000):0000071a at 00007FFD70353FB8 []
