DLL_PROCESS_ATTACH
1 00007FFD70340000 C:\Windows\System32\KERNELBASE.dll
1 00007FFD730B0000 C:\Windows\System32\KERNEL32.DLL
1 00007FFD72E20000 C:\Windows\System32\RPCRT4.dll
1 00007FFD70920000 C:\Windows\System32\sechost.dll
1 00007FFD70750000 C:\Windows\System32\ucrtbase.dll
1 00007FF7F6FA0000 C:\Windows\system32\svchost.exe
1 00007FFD6FA00000 C:\Windows\System32\bcryptPrimitives.dll
1 00007FFD70A70000 C:\Windows\System32\combase.dll
1 00007FFD70850000 C:\Windows\System32\msvcrt.dll
1 00007FFD6F6F0000 C:\Windows\System32\kernel.appcore.dll
1 00007FFD70320000 C:\Windows\System32\win32u.dll
1 00007FFD6FB30000 C:\Windows\System32\msvcp_win.dll
1 00007FFD705B0000 C:\Windows\System32\gdi32full.dll
1 00007FFD708F0000 C:\Windows\System32\GDI32.dll
1 00007FFD731C0000 C:\Windows\System32\user32.dll
1 00007FFD69760000 c:\windows\system32\StateRepository.Core.dll
1 00007FFD715C0000 C:\Windows\System32\advapi32.dll
1 00007FFD69800000 c:\windows\system32\windows.staterepository.dll
1 00007FFD6F710000 C:\Windows\System32\MSASN1.dll
1 00007FFD6F7E0000 C:\Windows\System32\CRYPT32.dll
1 00007FFD6F780000 C:\Windows\System32\WINTRUST.dll
1 00007FFD6E6F0000 C:\Windows\SYSTEM32\WLDP.DLL
1 00007FFD72AE0000 C:\Windows\System32\clbcatq.dll
1 00007FFD65F00000 C:\Windows\System32\Windows.StateRepositoryPS.dll
1 00007FFD6B020000 c:\windows\system32\msvcp110_win.dll
1 00007FFD6BAD0000 c:\windows\system32\ESENT.dll
1 00007FFD6F6D0000 C:\Windows\System32\profapi.dll
1 00007FFD710C0000 C:\Windows\System32\shcore.dll
1 00007FFD66B00000 c:\windows\system32\iertutil.dll
1 00007FFD70A10000 C:\Windows\System32\shlwapi.dll
1 00007FFD6F730000 C:\Windows\System32\powrprof.dll
1 00007FFD6FBD0000 C:\Windows\System32\windows.storage.dll
1 00007FFD71680000 C:\Windows\System32\imagehlp.dll
1 00007FFD6F0B0000 c:\windows\system32\CRYPTBASE.DLL
1 00007FFD65AF0000 c:\windows\system32\urlmon.dll
1 00007FFD61D20000 c:\windows\system32\tileobjserver.dll
1 00007FFD6F5C0000 C:\Windows\system32\USERENV.dll
KERNELBASE.dll(00007FFD70340000):e06d7363 at 00007FFD70353FB8 [ 0000000019930520 000000137B37CA68 00007FFD61D9F0E0 00007FFD61D20000]
KERNELBASE.dll(00007FFD70340000):e06d7363 at 00007FFD70353FB8 [ 0000000019930520 000000137B37BB40 00007FFD61D9F010 00007FFD61D20000]
KERNELBASE.dll(00007FFD70340000):e06d7363 at 00007FFD70353FB8 [ 0000000019930520 0000000000000000 0000000000000000 0000000000000000]
1 00007FFD6AB40000 C:\Windows\System32\WinTypes.dll
