DLL_PROCESS_ATTACH
1 00007FFD70340000 C:\Windows\System32\KERNELBASE.dll
1 00007FFD730B0000 C:\Windows\System32\KERNEL32.DLL
1 00007FFD70750000 C:\Windows\System32\ucrtbase.dll
1 00007FFD72E20000 C:\Windows\System32\RPCRT4.dll
1 00007FFD6FA00000 C:\Windows\System32\bcryptPrimitives.dll
1 00007FFD70A70000 C:\Windows\System32\combase.dll
1 00007FF78E2E0000 C:\Windows\system32\dllhost.exe
1 00007FFD70850000 C:\Windows\System32\msvcrt.dll
1 00007FFD6F6F0000 C:\Windows\System32\kernel.appcore.dll
1 00007FFD72AE0000 C:\Windows\System32\clbcatq.dll
1 00007FFD70320000 C:\Windows\System32\win32u.dll
1 00007FFD6FB30000 C:\Windows\System32\msvcp_win.dll
1 00007FFD705B0000 C:\Windows\System32\gdi32full.dll
1 00007FFD708F0000 C:\Windows\System32\GDI32.dll
1 00007FFD731C0000 C:\Windows\System32\user32.dll
1 00007FFD70920000 C:\Windows\System32\sechost.dll
1 00007FFD72B80000 C:\Windows\System32\OLEAUT32.dll
1 00007FFD70F60000 C:\Windows\System32\ole32.dll
1 00007FFD64B30000 C:\Windows\system32\COMSVCS.DLL
1 00007FFD6F0C0000 C:\Windows\SYSTEM32\CRYPTSP.dll
1 00007FFD6F1C0000 C:\Windows\system32\bcrypt.dll
1 00007FFD6EB00000 C:\Windows\system32\rsaenh.dll
1 00007FFD6F0B0000 C:\Windows\system32\CRYPTBASE.dll
1 00007FFD63A40000 C:\Windows\system32\txflog.dll
1 00007FFD6AAC0000 C:\Windows\system32\es.dll
1 00007FFD710C0000 C:\Windows\System32\shcore.dll
1 00007FFD6E150000 C:\Windows\system32\PROPSYS.dll
1 00007FFD6F520000 C:\Windows\SYSTEM32\sxs.dll
1 00007FFD715C0000 C:\Windows\System32\ADVAPI32.dll
1 00007FFD62170000 C:\Windows\SYSTEM32\XOLEHLP.dll
1 00007FFD70EF0000 C:\Windows\System32\WS2_32.dll
1 00007FFD65710000 C:\Windows\SYSTEM32\ktmw32.dll
1 00007FFD71670000 C:\Windows\System32\NSI.dll
1 00007FFD6ECC0000 C:\Windows\SYSTEM32\DNSAPI.dll
1 00007FFD66220000 C:\Windows\SYSTEM32\CLUSAPI.dll
1 00007FFD66650000 C:\Windows\SYSTEM32\RESUTILS.dll
1 00007FFD61E40000 C:\Windows\SYSTEM32\MTXCLU.DLL
1 00007FFD61EB0000 C:\Windows\SYSTEM32\MSDTCPRX.DLL
1 00007FFD6EC80000 C:\Windows\SYSTEM32\IPHLPAPI.DLL
1 00007FFD6B0F0000 C:\Windows\SYSTEM32\wkscli.dll
1 00007FFD61DB0000 C:\Windows\system32\cscapi.dll
1 00007FFD6ED80000 C:\Windows\SYSTEM32\netutils.dll
1 00007FFD6F5F0000 C:\Windows\system32\sspicli.dll
1 00007FFD6EEF0000 C:\Windows\System32\mswsock.dll
1 00007FFD69E40000 C:\Windows\System32\fwpuclnt.dll
1 00007FFD68B10000 C:\Windows\System32\rasadhlp.dll
