DLL_PROCESS_ATTACH
1 00007FFD70340000 C:\Windows\System32\KERNELBASE.dll
1 00007FFD730B0000 C:\Windows\System32\KERNEL32.DLL
1 00007FFD70850000 C:\Windows\System32\msvcrt.dll
1 00007FFD70750000 C:\Windows\System32\ucrtbase.dll
1 00007FFD72E20000 C:\Windows\System32\RPCRT4.dll
1 00007FFD6FA00000 C:\Windows\System32\bcryptPrimitives.dll
1 00007FFD70A70000 C:\Windows\System32\combase.dll
1 00007FFD6F1C0000 C:\Windows\SYSTEM32\bcrypt.dll
1 00007FFD70EF0000 C:\Windows\System32\WS2_32.dll
1 00007FFD70920000 C:\Windows\System32\sechost.dll
1 00007FFD68EA0000 C:\Windows\SYSTEM32\wbemcomn.dll
1 00007FFD644A0000 C:\Windows\system32\wbem\FastProx.dll
1 00007FFD63A20000 C:\Windows\SYSTEM32\NCObjAPI.DLL
1 00007FF7A0970000 C:\Windows\system32\wbem\wmiprvse.exe
1 00007FFD715C0000 C:\Windows\System32\advapi32.dll
1 00007FFD70320000 C:\Windows\System32\win32u.dll
1 00007FFD6FB30000 C:\Windows\System32\msvcp_win.dll
1 00007FFD705B0000 C:\Windows\System32\gdi32full.dll
1 00007FFD708F0000 C:\Windows\System32\GDI32.dll
1 00007FFD731C0000 C:\Windows\System32\user32.dll
1 00007FFD6F6F0000 C:\Windows\System32\kernel.appcore.dll
1 00007FFD72AE0000 C:\Windows\System32\clbcatq.dll
1 00007FFD66920000 C:\Windows\system32\wbem\wbemprox.dll
1 00007FFD72B80000 C:\Windows\System32\OLEAUT32.dll
1 00007FFD63B00000 C:\Windows\system32\wbem\wbemsvc.dll
1 00007FFD63850000 C:\Windows\system32\wbem\wmiutils.dll
1 00007FFD6B790000 C:\Windows\SYSTEM32\pdh.dll
1 00007FFD6A9C0000 C:\Windows\SYSTEM32\wevtapi.dll
1 00007FFD62730000 C:\Windows\System32\wbem\WmiPerfClass.dll
1 00007FFD583D0000 C:\Windows\system32\mscoree.dll
1 00007FFD65790000 C:\Windows\system32\netfxperf.dll
1 00007FFD55FC0000 C:\Windows\Microsoft.NET\Framework64\v4.0.30319\mscoreei.dll
1 00007FFD70A10000 C:\Windows\System32\SHLWAPI.dll
1 00007FFD69DF0000 C:\Windows\SYSTEM32\VERSION.dll
1 00007FFD62190000 C:\Windows\Microsoft.NET\Framework64\v4.0.30319\perfcounter.dll
1 00007FFD55EC0000 C:\Windows\SYSTEM32\MSVCR120_CLR0400.dll
1 00007FFD6A7C0000 C:\Windows\SYSTEM32\WTSAPI32.dll
1 00007FFD62700000 C:\Windows\Microsoft.NET\Framework64\v4.0.30319\CorperfmonExt.dll
1 00007FFD626F0000 C:\Windows\System32\bitsperf.dll
2 00007FFD626F0000 C:\Windows\System32\bitsperf.dll
1 00007FFD623A0000 C:\Windows\system32\esentprf.dll
1 00007FFD66810000 C:\Windows\System32\Secur32.dll
1 00007FFD71670000 C:\Windows\System32\NSI.dll
1 00007FFD6ECC0000 C:\Windows\system32\DNSAPI.dll
1 00007FFD70F60000 C:\Windows\System32\ole32.dll
1 00007FFD6AFE0000 C:\Windows\system32\ATL.DLL
1 00007FFD65710000 C:\Windows\system32\ktmw32.dll
1 00007FFD66220000 C:\Windows\system32\CLUSAPI.dll
1 00007FFD66650000 C:\Windows\system32\RESUTILS.dll
1 00007FFD6F0C0000 C:\Windows\system32\CRYPTSP.dll
1 00007FFD61E40000 C:\Windows\system32\MTXCLU.DLL
1 00007FFD61EB0000 C:\Windows\system32\MSDTCPRX.dll
1 00007FFD6F9B0000 C:\Windows\System32\cfgmgr32.dll
1 00007FFD710C0000 C:\Windows\System32\shcore.dll
1 00007FFD6F730000 C:\Windows\System32\powrprof.dll
1 00007FFD6F6D0000 C:\Windows\System32\profapi.dll
1 00007FFD6FBD0000 C:\Windows\System32\windows.storage.dll
1 00007FFD716A0000 C:\Windows\System32\SHELL32.dll
1 00007FFD55E70000 C:\Windows\system32\msdtcuiu.DLL
1 00007FFD6EC80000 C:\Windows\SYSTEM32\IPHLPAPI.DLL
1 00007FFD6B0F0000 C:\Windows\system32\wkscli.dll
1 00007FFD61DB0000 C:\Windows\SYSTEM32\cscapi.dll
1 00007FFD6ED80000 C:\Windows\system32\netutils.dll
1 00007FFD6E800000 C:\Windows\SYSTEM32\ntmarta.dll
1 00007FFD61E20000 C:\Windows\system32\msscntrs.dll
1 00007FFD671B0000 C:\Windows\System32\WMICLNT.dll
1 00007FFD626F0000 C:\Windows\System32\perfdisk.dll
1 00007FFD583C0000 C:\Windows\System32\perfnet.dll
1 00007FFD55E50000 C:\Windows\SYSTEM32\BROWCLI.Dll
KERNELBASE.dll(00007FFD70340000):000006ba at 00007FFD70353FB8 []
1 00007FFD55E40000 C:\Windows\System32\perfos.dll
1 00007FFD55E30000 C:\Windows\System32\perfproc.dll
KERNELBASE.dll(00007FFD70340000):000006ba at 00007FFD70353FB8 []
1 00007FFD55D30000 C:\Windows\system32\sysmain.dll
1 00007FFD55D20000 C:\Windows\System32\rasctrs.dll
1 00007FFD55CE0000 C:\Windows\SYSTEM32\rasman.dll
1 00007FFD6A930000 C:\Windows\System32\winspool.drv
KERNELBASE.dll(00007FFD70340000):000006d9 at 00007FFD70353FB8 []
1 00007FFD55CD0000 C:\Windows\System32\tapiperf.dll
1 00007FFD55CB0000 C:\Windows\System32\Perfctrs.dll
1 00007FFD6F4C0000 C:\Windows\System32\WINSTA.dll
1 00007FFD71170000 C:\Windows\System32\SETUPAPI.dll
1 00007FFD61850000 C:\Windows\System32\srvcli.dll
1 00007FFD6A800000 C:\Windows\System32\samcli.dll
1 00007FFD6B0B0000 C:\Windows\System32\logoncli.dll
1 00007FFD55C80000 C:\Windows\System32\UTILDLL.dll
1 00007FFD55CA0000 C:\Windows\System32\perfts.dll
1 00007FFD55C70000 C:\Windows\system32\usbperf.dll
1 00007FFD55C40000 C:\Windows\system32\wbem\wmiaprpl.dll
1 00007FFD642A0000 C:\Windows\system32\wbem\esscli.dll
1 00007FFD55BD0000 C:\Windows\system32\wbem\wmiprov.dll
1 00007FFD6EF60000 C:\Windows\system32\cryptdll.dll
1 00007FFD606E0000 C:\Windows\system32\tquery.dll
KERNELBASE.dll(00007FFD70340000):000006ba at 00007FFD70353FB8 []
KERNELBASE.dll(00007FFD70340000):000006ba at 00007FFD70353FB8 []
KERNELBASE.dll(00007FFD70340000):000006d9 at 00007FFD70353FB8 []
2 00007FFD623A0000 C:\Windows\system32\esentprf.dll
2 00007FFD66810000 C:\Windows\System32\Secur32.dll
2 00007FFD55E70000 C:\Windows\system32\msdtcuiu.DLL
2 00007FFD70F60000 C:\Windows\System32\ole32.dll
2 00007FFD6AFE0000 C:\Windows\system32\ATL.DLL
2 00007FFD61EB0000 C:\Windows\system32\MSDTCPRX.dll
2 00007FFD61E40000 C:\Windows\system32\MTXCLU.DLL
2 00007FFD65710000 C:\Windows\system32\ktmw32.dll
2 00007FFD6F0C0000 C:\Windows\system32\CRYPTSP.dll
2 00007FFD716A0000 C:\Windows\System32\SHELL32.dll
2 00007FFD6FBD0000 C:\Windows\System32\windows.storage.dll
2 00007FFD710C0000 C:\Windows\System32\shcore.dll
2 00007FFD6F6D0000 C:\Windows\System32\profapi.dll
2 00007FFD66650000 C:\Windows\system32\RESUTILS.dll
2 00007FFD66220000 C:\Windows\system32\CLUSAPI.dll
2 00007FFD6ECC0000 C:\Windows\system32\DNSAPI.dll
2 00007FFD61DB0000 C:\Windows\SYSTEM32\cscapi.dll
2 00007FFD6B0F0000 C:\Windows\system32\wkscli.dll
2 00007FFD626F0000 C:\Windows\System32\perfdisk.dll
2 00007FFD583C0000 C:\Windows\System32\perfnet.dll
2 00007FFD55E40000 C:\Windows\System32\perfos.dll
2 00007FFD55E30000 C:\Windows\System32\perfproc.dll
2 00007FFD55D30000 C:\Windows\system32\sysmain.dll
2 00007FFD6F730000 C:\Windows\System32\powrprof.dll
2 00007FFD6A930000 C:\Windows\System32\winspool.drv
2 00007FFD55D20000 C:\Windows\System32\rasctrs.dll
2 00007FFD55CD0000 C:\Windows\System32\tapiperf.dll
2 00007FFD55CB0000 C:\Windows\System32\Perfctrs.dll
2 00007FFD6EC80000 C:\Windows\SYSTEM32\IPHLPAPI.DLL
2 00007FFD71670000 C:\Windows\System32\NSI.dll
2 00007FFD55CA0000 C:\Windows\System32\perfts.dll
2 00007FFD55C80000 C:\Windows\System32\UTILDLL.dll
2 00007FFD6F4C0000 C:\Windows\System32\WINSTA.dll
2 00007FFD71170000 C:\Windows\System32\SETUPAPI.dll
2 00007FFD61850000 C:\Windows\System32\srvcli.dll
2 00007FFD55E50000 C:\Windows\SYSTEM32\BROWCLI.Dll
2 00007FFD6A800000 C:\Windows\System32\samcli.dll
2 00007FFD6ED80000 C:\Windows\system32\netutils.dll
2 00007FFD6B0B0000 C:\Windows\System32\logoncli.dll
2 00007FFD61E20000 C:\Windows\system32\msscntrs.dll
2 00007FFD55C70000 C:\Windows\system32\usbperf.dll
2 00007FFD65790000 C:\Windows\system32\netfxperf.dll
2 00007FFD55C40000 C:\Windows\system32\wbem\wmiaprpl.dll
2 00007FFD606E0000 C:\Windows\system32\tquery.dll
2 00007FFD6EF60000 C:\Windows\system32\cryptdll.dll
1 00007FFD686D0000 C:\Windows\System32\perfproc.dll
1 00007FFD65790000 C:\Windows\system32\netfxperf.dll
1 00007FFD623A0000 C:\Windows\system32\esentprf.dll
1 00007FFD66810000 C:\Windows\System32\Secur32.dll
1 00007FFD71670000 C:\Windows\System32\NSI.dll
1 00007FFD6ECC0000 C:\Windows\system32\DNSAPI.dll
1 00007FFD70F60000 C:\Windows\System32\ole32.dll
1 00007FFD6AFE0000 C:\Windows\system32\ATL.DLL
1 00007FFD65710000 C:\Windows\system32\ktmw32.dll
1 00007FFD66220000 C:\Windows\system32\CLUSAPI.dll
1 00007FFD66650000 C:\Windows\system32\RESUTILS.dll
1 00007FFD6F0C0000 C:\Windows\system32\CRYPTSP.dll
1 00007FFD61E40000 C:\Windows\system32\MTXCLU.DLL
1 00007FFD61EB0000 C:\Windows\system32\MSDTCPRX.dll
1 00007FFD710C0000 C:\Windows\System32\shcore.dll
1 00007FFD6F730000 C:\Windows\System32\powrprof.dll
1 00007FFD6F6D0000 C:\Windows\System32\profapi.dll
1 00007FFD6FBD0000 C:\Windows\System32\windows.storage.dll
1 00007FFD716A0000 C:\Windows\System32\SHELL32.dll
1 00007FFD58DF0000 C:\Windows\system32\msdtcuiu.DLL
1 00007FFD6EC80000 C:\Windows\SYSTEM32\IPHLPAPI.DLL
1 00007FFD6B0F0000 C:\Windows\system32\wkscli.dll
1 00007FFD61DB0000 C:\Windows\SYSTEM32\cscapi.dll
1 00007FFD6ED80000 C:\Windows\system32\netutils.dll
1 00007FFD61E20000 C:\Windows\system32\msscntrs.dll
1 00007FFD626F0000 C:\Windows\System32\perfdisk.dll
1 00007FFD606D0000 C:\Windows\System32\perfnet.dll
1 00007FFD58DD0000 C:\Windows\SYSTEM32\BROWCLI.Dll
KERNELBASE.dll(00007FFD70340000):000006ba at 00007FFD70353FB8 []
1 00007FFD55E40000 C:\Windows\System32\perfos.dll
1 00007FFD58CD0000 C:\Windows\system32\sysmain.dll
1 00007FFD5AAF0000 C:\Windows\System32\rasctrs.dll
1 00007FFD6A930000 C:\Windows\System32\winspool.drv
KERNELBASE.dll(00007FFD70340000):000006d9 at 00007FFD70353FB8 []
1 00007FFD58CC0000 C:\Windows\System32\tapiperf.dll
1 00007FFD58CA0000 C:\Windows\System32\Perfctrs.dll
1 00007FFD6F4C0000 C:\Windows\System32\WINSTA.dll
1 00007FFD71170000 C:\Windows\System32\SETUPAPI.dll
1 00007FFD61850000 C:\Windows\System32\srvcli.dll
1 00007FFD6A800000 C:\Windows\System32\samcli.dll
1 00007FFD6B0B0000 C:\Windows\System32\logoncli.dll
1 00007FFD58C70000 C:\Windows\System32\UTILDLL.dll
1 00007FFD58C90000 C:\Windows\System32\perfts.dll
1 00007FFD58C60000 C:\Windows\system32\usbperf.dll
1 00007FFD58C30000 C:\Windows\system32\wbem\wmiaprpl.dll
1 00007FFD6EF60000 C:\Windows\system32\cryptdll.dll
1 00007FFD606E0000 C:\Windows\system32\tquery.dll
2 00007FFD62700000 C:\Windows\Microsoft.NET\Framework64\v4.0.30319\CorperfmonExt.dll
2 00007FFD55EC0000 C:\Windows\SYSTEM32\MSVCR120_CLR0400.dll
2 00007FFD6A7C0000 C:\Windows\SYSTEM32\WTSAPI32.dll
2 00007FFD623A0000 C:\Windows\system32\esentprf.dll
2 00007FFD66810000 C:\Windows\System32\Secur32.dll
2 00007FFD58DF0000 C:\Windows\system32\msdtcuiu.DLL
2 00007FFD70F60000 C:\Windows\System32\ole32.dll
2 00007FFD6AFE0000 C:\Windows\system32\ATL.DLL
2 00007FFD61EB0000 C:\Windows\system32\MSDTCPRX.dll
2 00007FFD61E40000 C:\Windows\system32\MTXCLU.DLL
2 00007FFD65710000 C:\Windows\system32\ktmw32.dll
2 00007FFD6F0C0000 C:\Windows\system32\CRYPTSP.dll
2 00007FFD716A0000 C:\Windows\System32\SHELL32.dll
2 00007FFD6FBD0000 C:\Windows\System32\windows.storage.dll
2 00007FFD710C0000 C:\Windows\System32\shcore.dll
2 00007FFD6F6D0000 C:\Windows\System32\profapi.dll
2 00007FFD66650000 C:\Windows\system32\RESUTILS.dll
2 00007FFD66220000 C:\Windows\system32\CLUSAPI.dll
2 00007FFD6ECC0000 C:\Windows\system32\DNSAPI.dll
2 00007FFD61DB0000 C:\Windows\SYSTEM32\cscapi.dll
2 00007FFD6B0F0000 C:\Windows\system32\wkscli.dll
2 00007FFD606D0000 C:\Windows\System32\perfnet.dll
2 00007FFD626F0000 C:\Windows\System32\perfdisk.dll
2 00007FFD55E40000 C:\Windows\System32\perfos.dll
2 00007FFD686D0000 C:\Windows\System32\perfproc.dll
2 00007FFD58CD0000 C:\Windows\system32\sysmain.dll
2 00007FFD6F730000 C:\Windows\System32\powrprof.dll
2 00007FFD6A930000 C:\Windows\System32\winspool.drv
2 00007FFD58CC0000 C:\Windows\System32\tapiperf.dll
2 00007FFD58CA0000 C:\Windows\System32\Perfctrs.dll
2 00007FFD6EC80000 C:\Windows\SYSTEM32\IPHLPAPI.DLL
2 00007FFD71670000 C:\Windows\System32\NSI.dll
2 00007FFD58C90000 C:\Windows\System32\perfts.dll
2 00007FFD58C70000 C:\Windows\System32\UTILDLL.dll
2 00007FFD6F4C0000 C:\Windows\System32\WINSTA.dll
2 00007FFD71170000 C:\Windows\System32\SETUPAPI.dll
2 00007FFD61850000 C:\Windows\System32\srvcli.dll
2 00007FFD58DD0000 C:\Windows\SYSTEM32\BROWCLI.Dll
2 00007FFD6A800000 C:\Windows\System32\samcli.dll
2 00007FFD6ED80000 C:\Windows\system32\netutils.dll
2 00007FFD6B0B0000 C:\Windows\System32\logoncli.dll
2 00007FFD5AAF0000 C:\Windows\System32\rasctrs.dll
2 00007FFD61E20000 C:\Windows\system32\msscntrs.dll
2 00007FFD58C60000 C:\Windows\system32\usbperf.dll
2 00007FFD65790000 C:\Windows\system32\netfxperf.dll
2 00007FFD58C30000 C:\Windows\system32\wbem\wmiaprpl.dll
2 00007FFD606E0000 C:\Windows\system32\tquery.dll
2 00007FFD6EF60000 C:\Windows\system32\cryptdll.dll
1 00007FFD686D0000 C:\Windows\system32\netfxperf.dll
1 00007FFD58D40000 C:\Windows\SYSTEM32\MSVCR120_CLR0400.dll
1 00007FFD6A7C0000 C:\Windows\SYSTEM32\WTSAPI32.dll
1 00007FFD62700000 C:\Windows\Microsoft.NET\Framework64\v4.0.30319\CorperfmonExt.dll
1 00007FFD65790000 C:\Windows\System32\bitsperf.dll
2 00007FFD65790000 C:\Windows\System32\bitsperf.dll
1 00007FFD623A0000 C:\Windows\system32\esentprf.dll
1 00007FFD66810000 C:\Windows\System32\Secur32.dll
1 00007FFD71670000 C:\Windows\System32\NSI.dll
1 00007FFD6ECC0000 C:\Windows\system32\DNSAPI.dll
1 00007FFD70F60000 C:\Windows\System32\ole32.dll
1 00007FFD6AFE0000 C:\Windows\system32\ATL.DLL
1 00007FFD65710000 C:\Windows\system32\ktmw32.dll
1 00007FFD66220000 C:\Windows\system32\CLUSAPI.dll
1 00007FFD66650000 C:\Windows\system32\RESUTILS.dll
1 00007FFD6F0C0000 C:\Windows\system32\CRYPTSP.dll
1 00007FFD61E40000 C:\Windows\system32\MTXCLU.DLL
1 00007FFD61EB0000 C:\Windows\system32\MSDTCPRX.dll
1 00007FFD710C0000 C:\Windows\System32\shcore.dll
1 00007FFD6F730000 C:\Windows\System32\powrprof.dll
1 00007FFD6F6D0000 C:\Windows\System32\profapi.dll
1 00007FFD6FBD0000 C:\Windows\System32\windows.storage.dll
1 00007FFD716A0000 C:\Windows\System32\SHELL32.dll
1 00007FFD58CF0000 C:\Windows\system32\msdtcuiu.DLL
1 00007FFD6EC80000 C:\Windows\SYSTEM32\IPHLPAPI.DLL
1 00007FFD6B0F0000 C:\Windows\system32\wkscli.dll
1 00007FFD61DB0000 C:\Windows\SYSTEM32\cscapi.dll
1 00007FFD6ED80000 C:\Windows\system32\netutils.dll
1 00007FFD61E20000 C:\Windows\system32\msscntrs.dll
1 00007FFD65790000 C:\Windows\System32\perfdisk.dll
1 00007FFD626F0000 C:\Windows\System32\perfnet.dll
1 00007FFD58CD0000 C:\Windows\SYSTEM32\BROWCLI.Dll
KERNELBASE.dll(00007FFD70340000):000006ba at 00007FFD70353FB8 []
1 00007FFD55E40000 C:\Windows\System32\perfos.dll
1 00007FFD606D0000 C:\Windows\System32\perfproc.dll
KERNELBASE.dll(00007FFD70340000):000006ba at 00007FFD70353FB8 []
1 00007FFD58BD0000 C:\Windows\system32\sysmain.dll
1 00007FFD5AAF0000 C:\Windows\System32\rasctrs.dll
1 00007FFD6A930000 C:\Windows\System32\winspool.drv
KERNELBASE.dll(00007FFD70340000):000006d9 at 00007FFD70353FB8 []
1 00007FFD58BC0000 C:\Windows\System32\tapiperf.dll
1 00007FFD58BA0000 C:\Windows\System32\Perfctrs.dll
1 00007FFD6F4C0000 C:\Windows\System32\WINSTA.dll
1 00007FFD71170000 C:\Windows\System32\SETUPAPI.dll
1 00007FFD61850000 C:\Windows\System32\srvcli.dll
1 00007FFD6A800000 C:\Windows\System32\samcli.dll
1 00007FFD6B0B0000 C:\Windows\System32\logoncli.dll
1 00007FFD58B70000 C:\Windows\System32\UTILDLL.dll
1 00007FFD58B90000 C:\Windows\System32\perfts.dll
1 00007FFD58B60000 C:\Windows\system32\usbperf.dll
1 00007FFD58B30000 C:\Windows\system32\wbem\wmiaprpl.dll
1 00007FFD6EF60000 C:\Windows\system32\cryptdll.dll
1 00007FFD606E0000 C:\Windows\system32\tquery.dll
KERNELBASE.dll(00007FFD70340000):000006d9 at 00007FFD70353FB8 []
2 00007FFD66920000 C:\Windows\system32\wbem\wbemprox.dll
KERNELBASE.dll(00007FFD70340000):000006d9 at 00007FFD70353FB8 []
