DLL_PROCESS_ATTACH
1 00007FFD70340000 C:\Windows\System32\KERNELBASE.dll
1 00007FFD730B0000 C:\Windows\System32\KERNEL32.DLL
1 00007FFD70850000 C:\Windows\System32\msvcrt.dll
1 00007FFD70750000 C:\Windows\System32\ucrtbase.dll
1 00007FFD72E20000 C:\Windows\System32\RPCRT4.dll
1 00007FFD6FA00000 C:\Windows\System32\bcryptPrimitives.dll
1 00007FFD70A70000 C:\Windows\System32\combase.dll
1 00007FFD6F1C0000 C:\Windows\SYSTEM32\bcrypt.dll
1 00007FFD70EF0000 C:\Windows\System32\WS2_32.dll
1 00007FFD70920000 C:\Windows\System32\sechost.dll
1 00007FFD68EA0000 C:\Windows\SYSTEM32\wbemcomn.dll
1 00007FFD644A0000 C:\Windows\system32\wbem\FastProx.dll
1 00007FFD63A20000 C:\Windows\SYSTEM32\NCObjAPI.DLL
1 00007FF7A0970000 C:\Windows\system32\wbem\wmiprvse.exe
1 00007FFD715C0000 C:\Windows\System32\advapi32.dll
1 00007FFD70320000 C:\Windows\System32\win32u.dll
1 00007FFD6FB30000 C:\Windows\System32\msvcp_win.dll
1 00007FFD705B0000 C:\Windows\System32\gdi32full.dll
1 00007FFD708F0000 C:\Windows\System32\GDI32.dll
1 00007FFD731C0000 C:\Windows\System32\user32.dll
1 00007FFD6F6F0000 C:\Windows\System32\kernel.appcore.dll
1 00007FFD72AE0000 C:\Windows\System32\clbcatq.dll
1 00007FFD66920000 C:\Windows\system32\wbem\wbemprox.dll
1 00007FFD72B80000 C:\Windows\System32\OLEAUT32.dll
1 00007FFD63B00000 C:\Windows\system32\wbem\wbemsvc.dll
1 00007FFD63850000 C:\Windows\system32\wbem\wmiutils.dll
1 00007FFD6F730000 C:\Windows\System32\powrprof.dll
1 00007FFD6F5F0000 C:\Windows\SYSTEM32\SspiCli.dll
1 00007FFD61DD0000 C:\Windows\SYSTEM32\framedynos.dll
1 00007FFD61F90000 C:\Windows\system32\wbem\cimwin32.dll
1 00007FFD6F9B0000 C:\Windows\System32\cfgmgr32.dll
1 00007FFD6F470000 C:\Windows\SYSTEM32\DEVOBJ.dll
1 00007FFD71670000 C:\Windows\System32\NSI.dll
1 00007FFD6EC80000 C:\Windows\SYSTEM32\IPHLPAPI.DLL
1 00007FFD69E10000 C:\Windows\SYSTEM32\dhcpcsvc6.DLL
1 00007FFD69CF0000 C:\Windows\SYSTEM32\dhcpcsvc.DLL
1 00007FFD6ECC0000 C:\Windows\SYSTEM32\DNSAPI.dll
1 00007FFD5E160000 C:\Windows\SYSTEM32\winbrand.dll
1 000002B8F2440000 C:\Windows\SYSTEM32\SECURITY.DLL
1 00007FFD66810000 C:\Windows\SYSTEM32\SECUR32.DLL
1 00007FFD6F710000 C:\Windows\System32\MSASN1.dll
1 00007FFD6F7E0000 C:\Windows\System32\CRYPT32.dll
1 00007FFD6EA40000 C:\Windows\system32\schannel.DLL
1 00007FFD657E0000 C:\Windows\SYSTEM32\NETAPI32.DLL
1 00007FFD6A800000 C:\Windows\SYSTEM32\SAMCLI.DLL
1 00007FFD61850000 C:\Windows\SYSTEM32\SRVCLI.DLL
1 00007FFD6ED80000 C:\Windows\SYSTEM32\NETUTILS.DLL
1 00007FFD6B0B0000 C:\Windows\SYSTEM32\LOGONCLI.DLL
1 00007FFD68810000 C:\Windows\SYSTEM32\SCHEDCLI.DLL
1 00007FFD6B0F0000 C:\Windows\SYSTEM32\WKSCLI.DLL
1 00007FFD6BF80000 C:\Windows\SYSTEM32\DSROLE.DLL
1 00007FFD61DB0000 C:\Windows\SYSTEM32\cscapi.dll
1 00007FFD55B20000 C:\Windows\SYSTEM32\PROVTHRD.dll
1 00007FFD6E800000 C:\Windows\SYSTEM32\ntmarta.dll
1 00007FFD6A9C0000 C:\Windows\SYSTEM32\wevtapi.dll
1 00007FFD55B70000 C:\Windows\system32\wbem\ntevt.dll
1 00007FFD642A0000 C:\Windows\system32\wbem\esscli.dll
1 00007FFD55BD0000 C:\Windows\system32\wbem\wmiprov.dll
1 00007FFD671B0000 C:\Windows\SYSTEM32\WMICLNT.dll
