DLL_PROCESS_ATTACH
1 74F00000 C:\Windows\System32\KERNELBASE.dll
1 74A30000 C:\Windows\System32\KERNEL32.DLL
1 74B00000 C:\Windows\System32\msvcrt.dll
1 740B0000 C:\Windows\System32\bcryptPrimitives.dll
1 739A0000 C:\Windows\System32\CRYPTBASE.dll
1 739B0000 C:\Windows\System32\SspiCli.dll
1 746F0000 C:\Windows\System32\RPCRT4.dll
1 747B0000 C:\Windows\System32\sechost.dll
1 74990000 C:\Windows\System32\ADVAPI32.dll
1 74800000 C:\Windows\System32\ucrtbase.dll
1 744E0000 C:\Windows\System32\msvcp_win.dll
1 74110000 C:\Windows\System32\win32u.dll
1 73E60000 C:\Windows\System32\USER32.dll
1 74C30000 C:\Windows\System32\gdi32full.dll
1 74E70000 C:\Windows\System32\GDI32.dll
1 75180000 C:\Windows\System32\combase.dll
1 73120000 C:\Windows\WinSxS\x86_microsoft.windows.common-controls_6595b64144ccf1df_6.0.16299.15_none_1440321736920223\COMCTL32.dll
1 74130000 C:\Windows\System32\shcore.dll
1 741C0000 C:\Windows\System32\SHLWAPI.dll
1 75140000 C:\Windows\System32\cfgmgr32.dll
1 74380000 C:\Windows\System32\kernel.appcore.dll
1 750F0000 C:\Windows\System32\powrprof.dll
1 74A10000 C:\Windows\System32\profapi.dll
1 75480000 C:\Windows\System32\windows.storage.dll
1 75C50000 C:\Windows\System32\SHELL32.dll
1 74D90000 C:\Windows\System32\COMDLG32.dll
1 74010000 C:\Windows\System32\OLEAUT32.dll
1 72B00000 C:\windows\System32\PROPSYS.dll
1 738E0000 C:\windows\System32\IPHLPAPI.DLL
1 73910000 C:\windows\System32\bcrypt.dll
1 73930000 C:\windows\System32\WINSPOOL.DRV
1 72680000 C:\windows\System32\iertutil.dll
1 75460000 C:\Windows\System32\imagehlp.dll
1 728A0000 C:\windows\System32\urlmon.dll
1 00CB0000 C:\windows\syswow64\notepad.exe
1 73FE0000 C:\Windows\System32\IMM32.DLL
1 73810000 C:\Windows\system32\uxtheme.dll
1 753D0000 C:\Windows\System32\clbcatq.dll
1 72520000 C:\Windows\System32\MrmCoreR.dll
1 74390000 C:\Windows\System32\MSCTF.dll
1 733A0000 C:\Windows\system32\dwmapi.dll
1 738C0000 C:\Windows\System32\MPR.dll
1 72D00000 C:\Windows\SYSTEM32\wintypes.dll
1 724A0000 C:\Windows\System32\efswrt.dll
1 72340000 C:\Windows\System32\RMCLIENT.dll
1 72360000 C:\Windows\System32\twinapi.appcore.dll
1 722E0000 C:\Windows\System32\oleacc.dll
1 73370000 C:\Windows\SYSTEM32\ntmarta.dll
1 73010000 C:\Windows\System32\CoreMessaging.dll
1 72DD0000 C:\Windows\System32\CoreUIComponents.dll
1 730A0000 C:\Windows\System32\TextInputFramework.dll
