DLL_PROCESS_ATTACH
1 00007FF8B4890000 C:\Windows\System32\KERNELBASE.dll
1 00007FF8B5A70000 C:\Windows\System32\KERNEL32.DLL
1 00007FF8B5530000 C:\Windows\System32\RPCRT4.dll
1 00007FF8B7AB0000 C:\Windows\System32\sechost.dll
1 00007FF8B5110000 C:\Windows\System32\ucrtbase.dll
1 00007FF60D070000 C:\Windows\system32\svchost.exe
1 00007FF8B4B80000 C:\Windows\System32\bcryptPrimitives.dll
1 00007FF8B6290000 C:\Windows\System32\combase.dll
1 00007FF8B7C70000 C:\Windows\System32\msvcrt.dll
1 00007FF8B40D0000 C:\Windows\System32\kernel.appcore.dll
1 00007FF8B4B60000 C:\Windows\System32\win32u.dll
1 00007FF8B4D00000 C:\Windows\System32\msvcp_win.dll
1 00007FF8B4DA0000 C:\Windows\System32\gdi32full.dll
1 00007FF8B5A40000 C:\Windows\System32\GDI32.dll
1 00007FF8B5300000 C:\Windows\System32\user32.dll
1 00007FF8B60D0000 C:\Windows\System32\SHCORE.dll
1 00007FF8AAF30000 c:\windows\system32\StateRepository.Core.dll
1 00007FF8B65A0000 C:\Windows\System32\OLEAUT32.dll
1 00007FF8B5820000 C:\Windows\System32\advapi32.dll
1 00007FF8AF600000 c:\windows\system32\FLTLIB.DLL
1 00007FF8B2EB0000 c:\windows\system32\mintdh.dll
1 00007FF8B2FB0000 C:\Windows\SYSTEM32\tdh.dll
1 00007FF8B4090000 C:\Windows\System32\profapi.dll
1 00007FF8B3F90000 c:\windows\system32\USERENV.dll
1 00007FF8A8B10000 c:\windows\system32\AppXDeploymentClient.dll
1 00007FF8B2100000 c:\windows\system32\mrmdeploy.dll
1 00007FF8B40B0000 C:\Windows\System32\MSASN1.dll
1 00007FF8B4F40000 C:\Windows\System32\CRYPT32.dll
1 00007FF8B31D0000 c:\windows\system32\NTMARTA.dll
1 00007FF8A8220000 c:\windows\system32\appxdeploymentserver.dll
1 00007FF8B3B90000 C:\Windows\system32\bcrypt.dll
1 00007FF8AF130000 C:\Windows\SYSTEM32\wevtapi.dll
1 00007FF8B2250000 C:\Windows\SYSTEM32\wer.dll
1 00007FF8B4B00000 C:\Windows\System32\WINTRUST.dll
1 00007FF8B30C0000 C:\Windows\SYSTEM32\WLDP.DLL
1 00007FF8AF3D0000 C:\Windows\SYSTEM32\wtsapi32.dll
1 00007FF8B3E90000 C:\Windows\system32\WINSTA.dll
KERNELBASE.dll(00007FF8B4890000):80070002 at 00007FF8B48A3FB8 []
2 00007FF8A8220000 c:\windows\system32\appxdeploymentserver.dll
2 00007FF8B60D0000 C:\Windows\System32\SHCORE.dll
2 00007FF8AF600000 c:\windows\system32\FLTLIB.DLL
2 00007FF8B2FB0000 C:\Windows\SYSTEM32\tdh.dll
2 00007FF8B3F90000 c:\windows\system32\USERENV.dll
2 00007FF8B4090000 C:\Windows\System32\profapi.dll
2 00007FF8B2100000 c:\windows\system32\mrmdeploy.dll
2 00007FF8A8B10000 c:\windows\system32\AppXDeploymentClient.dll
2 00007FF8AAF30000 c:\windows\system32\StateRepository.Core.dll
2 00007FF8B31D0000 c:\windows\system32\NTMARTA.dll
2 00007FF8B2EB0000 c:\windows\system32\mintdh.dll
DLL_PROCESS_DETACH
