DLL_PROCESS_ATTACH
1 00007FFD70340000 C:\Windows\System32\KERNELBASE.dll
1 00007FFD730B0000 C:\Windows\System32\KERNEL32.DLL
1 00007FFD70750000 C:\Windows\System32\ucrtbase.dll
1 00007FFD6FB30000 C:\Windows\System32\msvcp_win.dll
1 00007FFD72E20000 C:\Windows\System32\RPCRT4.dll
1 00007FFD6FA00000 C:\Windows\System32\bcryptPrimitives.dll
1 00007FFD70A70000 C:\Windows\System32\combase.dll
1 00007FFD70850000 C:\Windows\System32\msvcrt.dll
1 00007FFD710C0000 C:\Windows\System32\shcore.dll
1 00007FFD6F710000 C:\Windows\System32\MSASN1.dll
1 00007FFD6F7E0000 C:\Windows\System32\CRYPT32.dll
1 00007FFD6F1C0000 C:\Windows\System32\bcrypt.dll
1 00007FFD70920000 C:\Windows\System32\sechost.dll
1 00007FFD715C0000 C:\Windows\System32\advapi32.dll
1 00007FFD66B00000 C:\Windows\System32\iertutil.dll
1 00007FFD591D0000 C:\Windows\System32\chakra.dll
1 00007FFD6F6F0000 C:\Windows\System32\kernel.appcore.dll
1 00007FFD70320000 C:\Windows\System32\win32u.dll
1 00007FFD705B0000 C:\Windows\System32\gdi32full.dll
1 00007FFD708F0000 C:\Windows\System32\GDI32.dll
1 00007FFD731C0000 C:\Windows\System32\user32.dll
1 00007FFD6F0C0000 C:\Windows\SYSTEM32\cryptsp.dll
1 00007FFD628F0000 C:\Windows\System32\msdelta.dll
1 00007FFD70EF0000 C:\Windows\System32\WS2_32.dll
1 00007FFD6F780000 C:\Windows\System32\WINTRUST.dll
1 00007FFD6AB40000 C:\Windows\SYSTEM32\wintypes.dll
1 00007FF707F60000 C:\Windows\System32\smartscreen.exe
1 00007FFD72C50000 C:\Windows\System32\IMM32.DLL
1 00007FFD72AE0000 C:\Windows\System32\clbcatq.dll
1 00007FFD68C70000 C:\Windows\System32\smartscreenps.dll
1 00007FFD68A90000 C:\Windows\System32\canonurl.dll
1 00007FFD70A10000 C:\Windows\System32\shlwapi.dll
1 00007FFD6F730000 C:\Windows\System32\powrprof.dll
1 00007FFD6F6D0000 C:\Windows\System32\profapi.dll
1 00007FFD6FBD0000 C:\Windows\System32\windows.storage.dll
1 00007FFD72B80000 C:\Windows\System32\OLEAUT32.dll
1 00007FFD68AA0000 C:\Windows\SYSTEM32\Bcp47Langs.dll
1 00007FFD63880000 C:\Windows\SYSTEM32\windows.globalization.dll
1 00007FFD657A0000 C:\Windows\SYSTEM32\rometadata.dll
1 00007FFD62AE0000 C:\Windows\System32\WinRtTracing.dll
1 00007FFD5B6D0000 C:\Windows\System32\Windows.Web.Http.dll
1 00007FFD6EB00000 C:\Windows\system32\rsaenh.dll
1 00007FFD6F0B0000 C:\Windows\System32\CRYPTBASE.dll
KERNELBASE.dll(00007FFD70340000):e06d7363 at 00007FFD70353FB8 [ 0000000019930520 00000063ADAFCA80 00007FF70811F1F8 00007FF707F60000]
1 00007FFD71670000 C:\Windows\System32\NSI.dll
1 00007FFD6ECC0000 C:\Windows\System32\DNSAPI.dll
1 00007FFD6EC80000 C:\Windows\SYSTEM32\IPHLPAPI.DLL
1 00007FFD6B020000 C:\Windows\System32\msvcp110_win.dll
1 00007FFD6B110000 C:\Windows\SYSTEM32\policymanager.dll
2 00007FFD63880000 C:\Windows\SYSTEM32\windows.globalization.dll
2 00007FFD68AA0000 C:\Windows\SYSTEM32\Bcp47Langs.dll
DLL_PROCESS_DETACH
