DLL_PROCESS_ATTACH
1 00007FFD70340000 C:\Windows\System32\KERNELBASE.dll
1 00007FFD730B0000 C:\Windows\System32\KERNEL32.DLL
1 00007FFD6D7D0000 C:\Windows\SYSTEM32\apphelp.dll
1 00007FFD70850000 C:\Windows\System32\msvcrt.dll
1 00007FFD72E20000 C:\Windows\System32\RPCRT4.dll
1 00007FFD70920000 C:\Windows\System32\sechost.dll
1 00007FFD715C0000 C:\Windows\System32\advapi32.dll
1 00007FFD70320000 C:\Windows\System32\win32u.dll
1 00007FFD70750000 C:\Windows\System32\ucrtbase.dll
1 00007FFD6FB30000 C:\Windows\System32\msvcp_win.dll
1 00007FFD705B0000 C:\Windows\System32\gdi32full.dll
1 00007FFD708F0000 C:\Windows\System32\gdi32.dll
1 00007FFD731C0000 C:\Windows\System32\USER32.dll
1 00007FFD6F730000 C:\Windows\System32\powrprof.dll
1 00007FFD6FA00000 C:\Windows\System32\bcryptPrimitives.dll
1 00007FFD70A70000 C:\Windows\System32\combase.dll
1 00007FFD72B80000 C:\Windows\System32\OLEAUT32.dll
1 00007FFD6E530000 C:\Windows\system32\dxgi.dll
1 00007FFD6F710000 C:\Windows\System32\MSASN1.dll
1 00007FFD6F7E0000 C:\Windows\System32\CRYPT32.dll
1 00007FFD6C9A0000 C:\Windows\system32\d2d1.dll
1 00007FFD6CFB0000 C:\Windows\system32\CoreMessaging.dll
1 00007FFD6C6B0000 C:\Windows\system32\d3d11.dll
1 00007FFD6F0C0000 C:\Windows\system32\CRYPTSP.dll
1 00007FFD6C280000 C:\Windows\system32\D3DCOMPILER_47.dll
1 00007FFD6D230000 C:\Windows\system32\dwmcore.dll
1 00007FFD6D5E0000 C:\Windows\SYSTEM32\dwmredir.dll
1 00007FFD6F9B0000 C:\Windows\System32\cfgmgr32.dll
1 00007FFD6F6F0000 C:\Windows\System32\kernel.appcore.dll
1 00007FFD6D090000 C:\Windows\system32\dcomp.dll
1 00007FFD6D500000 C:\Windows\SYSTEM32\udwm.dll
1 00007FF7EBB10000 C:\Windows\system32\dwm.exe
1 00007FFD72C50000 C:\Windows\System32\IMM32.DLL
1 00007FFD6D940000 C:\Windows\system32\uxtheme.dll
1 00007FFD6DAB0000 C:\Windows\system32\dwmapi.dll
1 00007FFD66740000 C:\Windows\SYSTEM32\dwmghost.dll
1 00007FFD6DD80000 C:\Windows\SYSTEM32\resourcepolicyclient.dll
2 00007FFD6DD80000 C:\Windows\SYSTEM32\resourcepolicyclient.dll
1 00007FFD65D50000 C:\Windows\system32\WindowsCodecs.dll
1 00007FFD65AE0000 C:\Windows\system32\avrt.dll
1 00007FFD6E800000 C:\Windows\SYSTEM32\ntmarta.dll
1 00007FFD6AB40000 C:\Windows\SYSTEM32\wintypes.dll
1 00007FFD710C0000 C:\Windows\System32\shcore.dll
1 00007FFD68270000 C:\Windows\system32\CoreUIComponents.dll
1 00007FFD6E4A0000 C:\Windows\system32\HID.DLL
1 00007FFD659C0000 C:\Windows\SYSTEM32\ism.dll
KERNELBASE.dll(00007FFD70340000):e06d7363 at 00007FFD70353FB8 [ 0000000019930520 000000DC21D7F4F0 00007FFD6D06AD48 00007FFD6CFB0000]
KERNELBASE.dll(00007FFD70340000):e06d7363 at 00007FFD70353FB8 [ 0000000019930520 000000DC21D7F760 00007FFD684E7C98 00007FFD68270000]
KERNELBASE.dll(00007FFD70340000):e06d7363 at 00007FFD70353FB8 [ 0000000019930520 000000DC21D7F000 00007FFD6D06AD48 00007FFD6CFB0000]
KERNELBASE.dll(00007FFD70340000):e06d7363 at 00007FFD70353FB8 [ 0000000019930520 000000DC21D7F270 00007FFD684E7C98 00007FFD68270000]
KERNELBASE.dll(00007FFD70340000):e06d7363 at 00007FFD70353FB8 [ 0000000019930520 000000DC21D7EF40 00007FFD6D06AD48 00007FFD6CFB0000]
KERNELBASE.dll(00007FFD70340000):e06d7363 at 00007FFD70353FB8 [ 0000000019930520 000000DC21D7F1B0 00007FFD684E7C98 00007FFD68270000]
1 00007FFD72AE0000 C:\Windows\System32\clbcatq.dll
1 00007FFD6F1C0000 C:\Windows\System32\bcrypt.dll
1 00007FFD65570000 C:\Windows\System32\Windows.Gaming.Input.dll
1 00007FFD6DBE0000 C:\Windows\System32\RMCLIENT.dll
1 00007FFD6DC00000 C:\Windows\System32\twinapi.appcore.dll
1 00007FFD65420000 C:\Windows\SYSTEM32\inputhost.dll
1 00007FFD64E20000 C:\Windows\System32\OneCoreUAPCommonProxyStub.dll
1 00007FFD632D0000 C:\Windows\System32\UIAnimation.dll
1 00007FFD6D640000 C:\Windows\system32\WINMMBASE.dll
1 00007FFD6D6A0000 C:\Windows\system32\WINMM.dll
1 00007FFD6DF60000 C:\Windows\system32\dbghelp.dll
1 00007FFD65640000 C:\Windows\system32\vm3dum64_10.dll
2 00007FFD65640000 C:\Windows\system32\vm3dum64_10.dll
2 00007FFD6D6A0000 C:\Windows\system32\WINMM.dll
2 00007FFD6D640000 C:\Windows\system32\WINMMBASE.dll
2 00007FFD6DF60000 C:\Windows\system32\dbghelp.dll
1 00007FFD6D640000 C:\Windows\system32\WINMMBASE.dll
1 00007FFD6D6A0000 C:\Windows\system32\WINMM.dll
1 00007FFD6DF60000 C:\Windows\system32\dbghelp.dll
1 00007FFD65640000 C:\Windows\system32\vm3dum64_10.dll
1 00007FFD62F60000 C:\Windows\system32\XmlLite.dll
1 00007FFD62F30000 C:\Windows\system32\Cabinet.dll
KERNELBASE.dll(00007FFD70340000):e06d7363 at 00007FFD70353FB8 [ 0000000019930520 000000DC21D7F730 00007FFD6D06AD48 00007FFD6CFB0000]
KERNELBASE.dll(00007FFD70340000):e06d7363 at 00007FFD70353FB8 [ 0000000019930520 000000DC21D7F9A0 00007FFD684E7C98 00007FFD68270000]
KERNELBASE.dll(00007FFD70340000):e06d7363 at 00007FFD70353FB8 [ 0000000019930520 000000DC21D7F730 00007FFD6D06AD48 00007FFD6CFB0000]
KERNELBASE.dll(00007FFD70340000):e06d7363 at 00007FFD70353FB8 [ 0000000019930520 000000DC21D7F9A0 00007FFD684E7C98 00007FFD68270000]
KERNELBASE.dll(00007FFD70340000):e06d7363 at 00007FFD70353FB8 [ 0000000019930520 000000DC21D7F730 00007FFD6D06AD48 00007FFD6CFB0000]
KERNELBASE.dll(00007FFD70340000):e06d7363 at 00007FFD70353FB8 [ 0000000019930520 000000DC21D7F9A0 00007FFD684E7C98 00007FFD68270000]
